[18:14:26.793][info] [#0:/home/ace/.vscode-oss/extensions/sumneko.lua-3.7.0-linux-x64/server/main.lua:66]: Lua Lsp startup, root: 	/home/ace/.vscode-oss/extensions/sumneko.lua-3.7.0-linux-x64/server
[18:14:26.793][info] [#0:/home/ace/.vscode-oss/extensions/sumneko.lua-3.7.0-linux-x64/server/main.lua:67]: ROOT:	/home/ace/.vscode-oss/extensions/sumneko.lua-3.7.0-linux-x64/server
[18:14:26.793][info] [#0:/home/ace/.vscode-oss/extensions/sumneko.lua-3.7.0-linux-x64/server/main.lua:68]: LOGPATH:	/home/ace/.vscode-oss/extensions/sumneko.lua-3.7.0-linux-x64/server/log
[18:14:26.793][info] [#0:/home/ace/.vscode-oss/extensions/sumneko.lua-3.7.0-linux-x64/server/main.lua:69]: METAPATH:	/home/ace/.vscode-oss/extensions/sumneko.lua-3.7.0-linux-x64/server/meta
[18:14:26.794][info] [#0:/home/ace/.vscode-oss/extensions/sumneko.lua-3.7.0-linux-x64/server/main.lua:70]: VERSION:	3.7.0
[18:14:26.826][info] [#0:script/service/service.lua:144]: 
========= Medical Examination Report =========
    --------------- Memory ---------------
        Total: 2.140 MB
        # 00 : 2.140 MB
        # 01 : 0.000 MB
        # 02 : 0.000 MB
        # 03 : 0.000 MB
        # 04 : 0.000 MB
    --------------- Coroutine ---------------
        Total:     0
        Running:   0
        Suspended: 0
        Normal:    0
        Dead:      0
    --------------- Cache ---------------
        Total: 1
        Dead:  0
    ---------------  RPC  ---------------
        Holdon:   0
        Waiting:  0
==============================================
[18:14:26.831][info] [#0:script/client.lua:657]: Client init	{
  capabilities = {
    general = {
      markdown = {
        allowedTags = { "ul", "li", "p", "code", "blockquote", "ol", "h1", "h2", "h3", "h4", "h5", "h6", "hr", "em", "pre", "table", "thead", "tbody", "tr", "th", "td", "div", "del", "a", "strong", "br", "img", "span" },
        parser = "marked",
        version = "1.1.0"
      },
      positionEncodings = { "utf-16" },
      regularExpressions = {
        engine = "ECMAScript",
        version = "ES2020"
      },
      staleRequestSupport = {
        cancel = true,
        retryOnContentModified = { "textDocument/semanticTokens/full", "textDocument/semanticTokens/range", "textDocument/semanticTokens/full/delta" }
      }
    },
    notebookDocument = {
      synchronization = {
        dynamicRegistration = true,
        executionSummarySupport = true
      }
    },
    textDocument = {
      callHierarchy = {
        dynamicRegistration = true
      },
      codeAction = {
        codeActionLiteralSupport = {
          codeActionKind = {
            valueSet = { "", "quickfix", "refactor", "refactor.extract", "refactor.inline", "refactor.rewrite", "source", "source.organizeImports" }
          }
        },
        dataSupport = true,
        disabledSupport = true,
        dynamicRegistration = true,
        honorsChangeAnnotations = false,
        isPreferredSupport = true,
        resolveSupport = {
          properties = { "edit" }
        }
      },
      codeLens = {
        dynamicRegistration = true
      },
      colorProvider = {
        dynamicRegistration = true
      },
      completion = {
        completionItem = {
          commitCharactersSupport = true,
          deprecatedSupport = true,
          documentationFormat = { "markdown", "plaintext" },
          insertReplaceSupport = true,
          insertTextModeSupport = {
            valueSet = { 1, 2 }
          },
          labelDetailsSupport = true,
          preselectSupport = true,
          resolveSupport = {
            properties = { "documentation", "detail", "additionalTextEdits" }
          },
          snippetSupport = true,
          tagSupport = {
            valueSet = { 1 }
          }
        },
        completionItemKind = {
          valueSet = { 1, 2, 3, 4, 5, 6, 7, 8, 9, 10, 11, 12, 13, 14, 15, 16, 17, 18, 19, 20, 21, 22, 23, 24, 25 }
        },
        completionList = {
          itemDefaults = { "commitCharacters", "editRange", "insertTextFormat", "insertTextMode" }
        },
        contextSupport = true,
        dynamicRegistration = true,
        insertTextMode = 2
      },
      declaration = {
        dynamicRegistration = true,
        linkSupport = true
      },
      definition = {
        dynamicRegistration = true,
        linkSupport = true
      },
      diagnostic = {
        dynamicRegistration = true,
        relatedDocumentSupport = false
      },
      documentHighlight = {
        dynamicRegistration = true
      },
      documentLink = {
        dynamicRegistration = true,
        tooltipSupport = true
      },
      documentSymbol = {
        dynamicRegistration = true,
        hierarchicalDocumentSymbolSupport = true,
        labelSupport = true,
        symbolKind = {
          valueSet = { 1, 2, 3, 4, 5, 6, 7, 8, 9, 10, 11, 12, 13, 14, 15, 16, 17, 18, 19, 20, 21, 22, 23, 24, 25, 26 }
        },
        tagSupport = {
          valueSet = { 1 }
        }
      },
      foldingRange = {
        dynamicRegistration = true,
        foldingRange = {
          collapsedText = false
        },
        foldingRangeKind = {
          valueSet = { "comment", "imports", "region" }
        },
        lineFoldingOnly = true,
        rangeLimit = 5000
      },
      formatting = {
        dynamicRegistration = true
      },
      hover = {
        contentFormat = { "markdown", "plaintext" },
        dynamicRegistration = true
      },
      implementation = {
        dynamicRegistration = true,
        linkSupport = true
      },
      inlayHint = {
        dynamicRegistration = true,
        resolveSupport = {
          properties = { "tooltip", "textEdits", "label.tooltip", "label.location", "label.command" }
        }
      },
      inlineValue = {
        dynamicRegistration = true
      },
      linkedEditingRange = {
        dynamicRegistration = true
      },
      onTypeFormatting = {
        dynamicRegistration = true
      },
      publishDiagnostics = {
        codeDescriptionSupport = true,
        dataSupport = true,
        relatedInformation = true,
        tagSupport = {
          valueSet = { 1, 2 }
        },
        versionSupport = false
      },
      rangeFormatting = {
        dynamicRegistration = true
      },
      references = {
        dynamicRegistration = true
      },
      rename = {
        dynamicRegistration = true,
        honorsChangeAnnotations = true,
        prepareSupport = true,
        prepareSupportDefaultBehavior = 1
      },
      selectionRange = {
        dynamicRegistration = true
      },
      semanticTokens = {
        augmentsSyntaxTokens = true,
        dynamicRegistration = true,
        formats = { "relative" },
        multilineTokenSupport = false,
        overlappingTokenSupport = false,
        requests = {
          full = {
            delta = true
          },
          range = true
        },
        serverCancelSupport = true,
        tokenModifiers = { "declaration", "definition", "readonly", "static", "deprecated", "abstract", "async", "modification", "documentation", "defaultLibrary" },
        tokenTypes = { "namespace", "type", "class", "enum", "interface", "struct", "typeParameter", "parameter", "variable", "property", "enumMember", "event", "function", "method", "macro", "keyword", "modifier", "comment", "string", "number", "regexp", "operator", "decorator" }
      },
      signatureHelp = {
        contextSupport = true,
        dynamicRegistration = true,
        signatureInformation = {
          activeParameterSupport = true,
          documentationFormat = { "markdown", "plaintext" },
          parameterInformation = {
            labelOffsetSupport = true
          }
        }
      },
      synchronization = {
        didSave = true,
        dynamicRegistration = true,
        willSave = true,
        willSaveWaitUntil = true
      },
      typeDefinition = {
        dynamicRegistration = true,
        linkSupport = true
      },
      typeHierarchy = {
        dynamicRegistration = true
      }
    },
    window = {
      showDocument = {
        support = true
      },
      showMessage = {
        messageActionItem = {
          additionalPropertiesSupport = true
        }
      },
      workDoneProgress = true
    },
    workspace = {
      applyEdit = true,
      codeLens = {
        refreshSupport = true
      },
      configuration = true,
      diagnostics = {
        refreshSupport = true
      },
      didChangeConfiguration = {
        dynamicRegistration = true
      },
      didChangeWatchedFiles = {
        dynamicRegistration = true,
        relativePatternSupport = true
      },
      executeCommand = {
        dynamicRegistration = true
      },
      fileOperations = {
        didCreate = true,
        didDelete = true,
        didRename = true,
        dynamicRegistration = true,
        willCreate = true,
        willDelete = true,
        willRename = true
      },
      inlayHint = {
        refreshSupport = true
      },
      inlineValue = {
        refreshSupport = true
      },
      semanticTokens = {
        refreshSupport = true
      },
      symbol = {
        dynamicRegistration = true,
        resolveSupport = {
          properties = { "location.range" }
        },
        symbolKind = {
          valueSet = { 1, 2, 3, 4, 5, 6, 7, 8, 9, 10, 11, 12, 13, 14, 15, 16, 17, 18, 19, 20, 21, 22, 23, 24, 25, 26 }
        },
        tagSupport = {
          valueSet = { 1 }
        }
      },
      workspaceEdit = {
        changeAnnotationSupport = {
          groupsOnLabel = true
        },
        documentChanges = true,
        failureHandling = "textOnlyTransactional",
        normalizesLineEndings = true,
        resourceOperations = { "create", "rename", "delete" }
      },
      workspaceFolders = true
    }
  },
  clientInfo = {
    name = "Code - OSS",
    version = "1.81.1"
  },
  initializationOptions = {
    changeConfiguration = true
  },
  locale = "en",
  processId = 115317,
  rootPath = "/home/ace/Love",
  rootUri = "file:///home/ace/Love",
  trace = "off",
  workDoneToken = "f1e5758d-e1bb-4c34-a9c0-c8ca588ca379",
  workspaceFolders = { {
      name = "Love",
      uri = "file:///home/ace/Love"
    } }
}
[18:14:26.831][info] [#0:script/language.lua:137]: VSC language: en
[18:14:26.831][info] [#0:script/language.lua:138]: LS  language: en-us
[18:14:26.831][info] [#0:script/workspace/workspace.lua:38]: Workspace init root: 	file:///home/ace/Love
[18:14:26.831][info] [#0:script/workspace/workspace.lua:42]: Log path: 	/home/ace/.vscode-oss/extensions/sumneko.lua-3.7.0-linux-x64/server/log/file_home_ace_Love.log
[18:14:26.832][info] [#0:script/workspace/workspace.lua:48]: Workspace create: 	file:///home/ace/Love
[18:14:27.034][info] [#0:script/provider/provider.lua:46]: Load config from client	file:///home/ace/Love
[18:14:27.034][info] [#0:script/provider/provider.lua:47]: {
  Lua = {
    addonManager = {
      enable = true
    },
    codeLens = {
      enable = false
    },
    completion = {
      autoRequire = true,
      callSnippet = "Disable",
      displayContext = 0,
      enable = true,
      keywordSnippet = "Replace",
      postfix = "@",
      requireSeparator = ".",
      showParams = true,
      showWord = "Fallback",
      workspaceWord = true
    },
    diagnostics = {
      disable = {},
      disableScheme = { "git" },
      enable = true,
      globals = {},
      groupFileStatus = {},
      groupSeverity = {},
      ignoredFiles = "Opened",
      libraryFiles = "Opened",
      neededFileStatus = {},
      severity = {},
      unusedLocalExclude = {},
      workspaceDelay = 3000,
      workspaceEvent = "OnSave",
      workspaceRate = 100
    },
    doc = {
      packageName = {},
      privateName = {},
      protectedName = {}
    },
    format = {
      defaultConfig = {},
      enable = true
    },
    hint = {
      arrayIndex = "Auto",
      await = true,
      enable = false,
      paramName = "All",
      paramType = true,
      semicolon = "SameLine",
      setType = false
    },
    hover = {
      enable = true,
      enumsLimit = 5,
      expandAlias = true,
      previewFields = 50,
      viewNumber = true,
      viewString = true,
      viewStringMax = 1000
    },
    misc = {
      executablePath = "",
      parameters = {}
    },
    nameStyle = {
      config = {}
    },
    runtime = {
      builtin = {},
      fileEncoding = "utf8",
      meta = "${version} ${language} ${encoding}",
      nonstandardSymbol = {},
      path = { "?.lua", "?/init.lua" },
      pathStrict = false,
      plugin = "",
      pluginArgs = {},
      special = {
        ["love.filesystem.load"] = "loadfile"
      },
      unicodeName = false,
      version = "LuaJIT"
    },
    semantic = {
      annotation = true,
      enable = true,
      keyword = false,
      variable = true
    },
    signatureHelp = {
      enable = true
    },
    spell = {
      dict = {}
    },
    type = {
      castNumberToInteger = true,
      weakNilCheck = false,
      weakUnionCheck = false
    },
    typeFormat = {
      config = {}
    },
    window = {
      progressBar = true,
      statusBar = true
    },
    workspace = {
      checkThirdParty = true,
      ignoreDir = { ".vscode" },
      ignoreSubmodules = true,
      library = { "${3rd}/love2d/library" },
      maxPreload = 5000,
      preloadFileSize = 500,
      useGitIgnore = true,
      userThirdParty = {}
    }
  },
  ["editor.acceptSuggestionOnEnter"] = "on",
  ["editor.semanticHighlighting.enabled"] = "configuredByTheme",
  ["files.associations"] = {},
  ["files.exclude"] = {
    ["**/.DS_Store"] = true,
    ["**/.git"] = true,
    ["**/.hg"] = true,
    ["**/.svn"] = true,
    ["**/CVS"] = true,
    ["**/Thumbs.db"] = true
  }
}
[18:14:27.135][info] [#0:script/provider/completion.lua:43]: Enable completion.
[18:14:27.135][info] [#0:script/provider/provider.lua:61]: Load config from client	fallback
[18:14:27.136][info] [#0:script/provider/provider.lua:62]: {
  Lua = {
    addonManager = {
      enable = true
    },
    codeLens = {
      enable = false
    },
    completion = {
      autoRequire = true,
      callSnippet = "Disable",
      displayContext = 0,
      enable = true,
      keywordSnippet = "Replace",
      postfix = "@",
      requireSeparator = ".",
      showParams = true,
      showWord = "Fallback",
      workspaceWord = true
    },
    diagnostics = {
      disable = {},
      disableScheme = { "git" },
      enable = true,
      globals = {},
      groupFileStatus = {},
      groupSeverity = {},
      ignoredFiles = "Opened",
      libraryFiles = "Opened",
      neededFileStatus = {},
      severity = {},
      unusedLocalExclude = {},
      workspaceDelay = 3000,
      workspaceEvent = "OnSave",
      workspaceRate = 100
    },
    doc = {
      packageName = {},
      privateName = {},
      protectedName = {}
    },
    format = {
      defaultConfig = {},
      enable = true
    },
    hint = {
      arrayIndex = "Auto",
      await = true,
      enable = false,
      paramName = "All",
      paramType = true,
      semicolon = "SameLine",
      setType = false
    },
    hover = {
      enable = true,
      enumsLimit = 5,
      expandAlias = true,
      previewFields = 50,
      viewNumber = true,
      viewString = true,
      viewStringMax = 1000
    },
    misc = {
      executablePath = "",
      parameters = {}
    },
    nameStyle = {
      config = {}
    },
    runtime = {
      builtin = {},
      fileEncoding = "utf8",
      meta = "${version} ${language} ${encoding}",
      nonstandardSymbol = {},
      path = { "?.lua", "?/init.lua" },
      pathStrict = false,
      plugin = "",
      pluginArgs = {},
      special = {
        ["love.filesystem.load"] = "loadfile"
      },
      unicodeName = false,
      version = "LuaJIT"
    },
    semantic = {
      annotation = true,
      enable = true,
      keyword = false,
      variable = true
    },
    signatureHelp = {
      enable = true
    },
    spell = {
      dict = {}
    },
    type = {
      castNumberToInteger = true,
      weakNilCheck = false,
      weakUnionCheck = false
    },
    typeFormat = {
      config = {}
    },
    window = {
      progressBar = true,
      statusBar = true
    },
    workspace = {
      checkThirdParty = true,
      ignoreDir = { ".vscode" },
      ignoreSubmodules = true,
      library = { "${3rd}/love2d/library" },
      maxPreload = 5000,
      preloadFileSize = 500,
      useGitIgnore = true,
      userThirdParty = {}
    }
  },
  ["editor.acceptSuggestionOnEnter"] = "on",
  ["editor.semanticHighlighting.enabled"] = "configuredByTheme",
  ["files.associations"] = {},
  ["files.exclude"] = {
    ["**/.DS_Store"] = true,
    ["**/.git"] = true,
    ["**/.hg"] = true,
    ["**/.svn"] = true,
    ["**/CVS"] = true,
    ["**/Thumbs.db"] = true
  }
}
[18:14:27.337][info] [#0:script/library.lua:212]: Init builtin library at:	file:///home/ace/Love
[18:14:27.366][info] [#0:script/plugin.lua:86]: plugin path:	/home/ace/Love
[18:14:27.366][warn] [#0:script/plugin.lua:101]: plugin not found:	/home/ace/Love
[18:14:27.366][info] [#0:script/library.lua:212]: Init builtin library at:	nil
[18:14:27.474][info] [#0:script/workspace/workspace.lua:324]: Preload start:	file:///home/ace/Love
[18:14:27.477][info] [#0:script/workspace/workspace.lua:330]: Scan files at:	file:///home/ace/Love
[18:14:27.478][info] [#0:script/workspace/workspace.lua:324]: Preload start:	<fallback>
[18:14:27.480][info] [#0:script/workspace/workspace.lua:353]: Scan library at:	file:///home/ace/.vscode-oss/extensions/sumneko.lua-3.7.0-linux-x64/server/meta/LuaJIT%20en-us%20utf8/debug.lua
[18:14:27.480][info] [#0:script/workspace/workspace.lua:353]: Scan library at:	file:///home/ace/.vscode-oss/extensions/sumneko.lua-3.7.0-linux-x64/server/meta/3rd/love2d/library
[18:14:27.482][info] [#0:script/workspace/workspace.lua:353]: Scan library at:	file:///home/ace/.vscode-oss/extensions/sumneko.lua-3.7.0-linux-x64/server/meta/LuaJIT%20en-us%20utf8/debug.lua
[18:14:27.482][info] [#0:script/workspace/workspace.lua:353]: Scan library at:	file:///home/ace/.vscode-oss/extensions/sumneko.lua-3.7.0-linux-x64/server/meta/3rd/love2d/library
[18:14:27.486][info] [#0:script/workspace/workspace.lua:353]: Scan library at:	file:///home/ace/.vscode-oss/extensions/sumneko.lua-3.7.0-linux-x64/server/meta/LuaJIT%20en-us%20utf8/table/clear.lua
[18:14:27.486][info] [#0:script/workspace/workspace.lua:353]: Scan library at:	file:///home/ace/.vscode-oss/extensions/sumneko.lua-3.7.0-linux-x64/server/meta/LuaJIT%20en-us%20utf8/basic.lua
[18:14:27.486][info] [#0:script/workspace/workspace.lua:353]: Scan library at:	file:///home/ace/.vscode-oss/extensions/sumneko.lua-3.7.0-linux-x64/server/meta/LuaJIT%20en-us%20utf8/os.lua
[18:14:27.486][info] [#0:script/workspace/workspace.lua:353]: Scan library at:	file:///home/ace/.vscode-oss/extensions/sumneko.lua-3.7.0-linux-x64/server/meta/LuaJIT%20en-us%20utf8/table/clear.lua
[18:14:27.486][info] [#0:script/workspace/workspace.lua:353]: Scan library at:	file:///home/ace/.vscode-oss/extensions/sumneko.lua-3.7.0-linux-x64/server/meta/LuaJIT%20en-us%20utf8/ffi.lua
[18:14:27.486][info] [#0:script/workspace/workspace.lua:353]: Scan library at:	file:///home/ace/.vscode-oss/extensions/sumneko.lua-3.7.0-linux-x64/server/meta/LuaJIT%20en-us%20utf8/basic.lua
[18:14:27.487][info] [#0:script/workspace/workspace.lua:353]: Scan library at:	file:///home/ace/.vscode-oss/extensions/sumneko.lua-3.7.0-linux-x64/server/meta/LuaJIT%20en-us%20utf8/jit/profile.lua
[18:14:27.487][info] [#0:script/workspace/workspace.lua:353]: Scan library at:	file:///home/ace/.vscode-oss/extensions/sumneko.lua-3.7.0-linux-x64/server/meta/LuaJIT%20en-us%20utf8/os.lua
[18:14:27.487][info] [#0:script/workspace/workspace.lua:353]: Scan library at:	file:///home/ace/.vscode-oss/extensions/sumneko.lua-3.7.0-linux-x64/server/meta/LuaJIT%20en-us%20utf8/coroutine.lua
[18:14:27.487][info] [#0:script/workspace/workspace.lua:353]: Scan library at:	file:///home/ace/.vscode-oss/extensions/sumneko.lua-3.7.0-linux-x64/server/meta/LuaJIT%20en-us%20utf8/ffi.lua
[18:14:27.487][info] [#0:script/workspace/workspace.lua:353]: Scan library at:	file:///home/ace/.vscode-oss/extensions/sumneko.lua-3.7.0-linux-x64/server/meta/LuaJIT%20en-us%20utf8/package.lua
[18:14:27.487][info] [#0:script/workspace/workspace.lua:353]: Scan library at:	file:///home/ace/.vscode-oss/extensions/sumneko.lua-3.7.0-linux-x64/server/meta/LuaJIT%20en-us%20utf8/jit/profile.lua
[18:14:27.487][info] [#0:script/workspace/workspace.lua:353]: Scan library at:	file:///home/ace/.vscode-oss/extensions/sumneko.lua-3.7.0-linux-x64/server/meta/LuaJIT%20en-us%20utf8/io.lua
[18:14:27.487][info] [#0:script/workspace/workspace.lua:353]: Scan library at:	file:///home/ace/.vscode-oss/extensions/sumneko.lua-3.7.0-linux-x64/server/meta/LuaJIT%20en-us%20utf8/coroutine.lua
[18:14:27.488][info] [#0:script/workspace/workspace.lua:353]: Scan library at:	file:///home/ace/.vscode-oss/extensions/sumneko.lua-3.7.0-linux-x64/server/meta/LuaJIT%20en-us%20utf8/math.lua
[18:14:27.488][info] [#0:script/workspace/workspace.lua:353]: Scan library at:	file:///home/ace/.vscode-oss/extensions/sumneko.lua-3.7.0-linux-x64/server/meta/LuaJIT%20en-us%20utf8/package.lua
[18:14:27.488][info] [#0:script/workspace/workspace.lua:353]: Scan library at:	file:///home/ace/.vscode-oss/extensions/sumneko.lua-3.7.0-linux-x64/server/meta/LuaJIT%20en-us%20utf8/bit.lua
[18:14:27.488][info] [#0:script/workspace/workspace.lua:353]: Scan library at:	file:///home/ace/.vscode-oss/extensions/sumneko.lua-3.7.0-linux-x64/server/meta/LuaJIT%20en-us%20utf8/io.lua
[18:14:27.488][info] [#0:script/workspace/workspace.lua:353]: Scan library at:	file:///home/ace/.vscode-oss/extensions/sumneko.lua-3.7.0-linux-x64/server/meta/LuaJIT%20en-us%20utf8/string.lua
[18:14:27.488][info] [#0:script/workspace/workspace.lua:353]: Scan library at:	file:///home/ace/.vscode-oss/extensions/sumneko.lua-3.7.0-linux-x64/server/meta/LuaJIT%20en-us%20utf8/math.lua
[18:14:27.488][info] [#0:script/workspace/workspace.lua:353]: Scan library at:	file:///home/ace/.vscode-oss/extensions/sumneko.lua-3.7.0-linux-x64/server/meta/LuaJIT%20en-us%20utf8/table/new.lua
[18:14:27.489][info] [#0:script/workspace/workspace.lua:353]: Scan library at:	file:///home/ace/.vscode-oss/extensions/sumneko.lua-3.7.0-linux-x64/server/meta/LuaJIT%20en-us%20utf8/bit.lua
[18:14:27.489][info] [#0:script/workspace/workspace.lua:353]: Scan library at:	file:///home/ace/.vscode-oss/extensions/sumneko.lua-3.7.0-linux-x64/server/meta/LuaJIT%20en-us%20utf8/jit.lua
[18:14:27.489][info] [#0:script/workspace/workspace.lua:353]: Scan library at:	file:///home/ace/.vscode-oss/extensions/sumneko.lua-3.7.0-linux-x64/server/meta/LuaJIT%20en-us%20utf8/string.lua
[18:14:27.489][info] [#0:script/workspace/workspace.lua:353]: Scan library at:	file:///home/ace/.vscode-oss/extensions/sumneko.lua-3.7.0-linux-x64/server/meta/LuaJIT%20en-us%20utf8/string/buffer.lua
[18:14:27.489][info] [#0:script/workspace/workspace.lua:353]: Scan library at:	file:///home/ace/.vscode-oss/extensions/sumneko.lua-3.7.0-linux-x64/server/meta/LuaJIT%20en-us%20utf8/table/new.lua
[18:14:27.489][info] [#0:script/workspace/workspace.lua:353]: Scan library at:	file:///home/ace/.vscode-oss/extensions/sumneko.lua-3.7.0-linux-x64/server/meta/LuaJIT%20en-us%20utf8/table.lua
[18:14:27.490][info] [#0:script/workspace/workspace.lua:353]: Scan library at:	file:///home/ace/.vscode-oss/extensions/sumneko.lua-3.7.0-linux-x64/server/meta/LuaJIT%20en-us%20utf8/jit.lua
[18:14:27.490][info] [#0:script/workspace/workspace.lua:353]: Scan library at:	file:///home/ace/.vscode-oss/extensions/sumneko.lua-3.7.0-linux-x64/server/meta/LuaJIT%20en-us%20utf8/jit/util.lua
[18:14:27.490][info] [#0:script/workspace/workspace.lua:353]: Scan library at:	file:///home/ace/.vscode-oss/extensions/sumneko.lua-3.7.0-linux-x64/server/meta/LuaJIT%20en-us%20utf8/string/buffer.lua
[18:14:27.490][info] [#0:script/workspace/workspace.lua:353]: Scan library at:	file:///home/ace/.vscode-oss/extensions/sumneko.lua-3.7.0-linux-x64/server/meta/LuaJIT%20en-us%20utf8/builtin.lua
[18:14:27.490][info] [#0:script/workspace/workspace.lua:353]: Scan library at:	file:///home/ace/.vscode-oss/extensions/sumneko.lua-3.7.0-linux-x64/server/meta/LuaJIT%20en-us%20utf8/table.lua
[18:14:27.491][info] [#0:script/workspace/workspace.lua:353]: Scan library at:	file:///home/ace/.vscode-oss/extensions/sumneko.lua-3.7.0-linux-x64/server/meta/LuaJIT%20en-us%20utf8/jit/util.lua
[18:14:27.491][info] [#0:script/workspace/workspace.lua:353]: Scan library at:	file:///home/ace/.vscode-oss/extensions/sumneko.lua-3.7.0-linux-x64/server/meta/LuaJIT%20en-us%20utf8/builtin.lua
[18:14:27.591][info] [#0:script/workspace/workspace.lua:379]: Found 38 files at:	<fallback>
[18:14:27.591][info] [#0:script/workspace/loading.lua:161]: Load files from disk:	<fallback>
[18:14:27.591][info] [#0:script/workspace/workspace.lua:379]: Found 40 files at:	file:///home/ace/Love
[18:14:27.591][info] [#0:script/workspace/loading.lua:161]: Load files from disk:	file:///home/ace/Love
[18:14:27.592][info] [#0:script/workspace/loading.lua:101]: Preload file at: file:///home/ace/.vscode-oss/extensions/sumneko.lua-3.7.0-linux-x64/server/meta/LuaJIT%20en-us%20utf8/builtin.lua , size = 0.302 KB
[18:14:27.595][info] [#0:script/workspace/loading.lua:113]: ++++As library of:	file:///home/ace/.vscode-oss/extensions/sumneko.lua-3.7.0-linux-x64/server/meta/LuaJIT%20en-us%20utf8/builtin.lua
[18:14:27.595][info] [#0:script/workspace/loading.lua:101]: Preload file at: file:///home/ace/.vscode-oss/extensions/sumneko.lua-3.7.0-linux-x64/server/meta/LuaJIT%20en-us%20utf8/jit/util.lua , size = 1.984 KB
[18:14:27.599][info] [#0:script/workspace/loading.lua:113]: ++++As library of:	file:///home/ace/.vscode-oss/extensions/sumneko.lua-3.7.0-linux-x64/server/meta/LuaJIT%20en-us%20utf8/jit/util.lua
[18:14:27.599][info] [#0:script/workspace/loading.lua:98]: Skip loaded file: file:///home/ace/.vscode-oss/extensions/sumneko.lua-3.7.0-linux-x64/server/meta/LuaJIT%20en-us%20utf8/jit/util.lua
[18:14:27.599][info] [#0:script/workspace/loading.lua:101]: Preload file at: file:///home/ace/.vscode-oss/extensions/sumneko.lua-3.7.0-linux-x64/server/meta/LuaJIT%20en-us%20utf8/table.lua , size = 4.230 KB
[18:14:27.608][info] [#0:script/workspace/loading.lua:113]: ++++As library of:	file:///home/ace/.vscode-oss/extensions/sumneko.lua-3.7.0-linux-x64/server/meta/LuaJIT%20en-us%20utf8/table.lua
[18:14:27.608][info] [#0:script/workspace/loading.lua:98]: Skip loaded file: file:///home/ace/.vscode-oss/extensions/sumneko.lua-3.7.0-linux-x64/server/meta/LuaJIT%20en-us%20utf8/table.lua
[18:14:27.608][info] [#0:script/workspace/loading.lua:101]: Preload file at: file:///home/ace/.vscode-oss/extensions/sumneko.lua-3.7.0-linux-x64/server/meta/LuaJIT%20en-us%20utf8/string/buffer.lua , size = 18.123 KB
[18:14:27.617][info] [#0:script/workspace/loading.lua:113]: ++++As library of:	file:///home/ace/.vscode-oss/extensions/sumneko.lua-3.7.0-linux-x64/server/meta/LuaJIT%20en-us%20utf8/string/buffer.lua
[18:14:27.617][info] [#0:script/workspace/loading.lua:98]: Skip loaded file: file:///home/ace/.vscode-oss/extensions/sumneko.lua-3.7.0-linux-x64/server/meta/LuaJIT%20en-us%20utf8/string/buffer.lua
[18:14:27.617][info] [#0:script/workspace/loading.lua:101]: Preload file at: file:///home/ace/.vscode-oss/extensions/sumneko.lua-3.7.0-linux-x64/server/meta/LuaJIT%20en-us%20utf8/jit.lua , size = 0.884 KB
[18:14:27.619][info] [#0:script/workspace/loading.lua:113]: ++++As library of:	file:///home/ace/.vscode-oss/extensions/sumneko.lua-3.7.0-linux-x64/server/meta/LuaJIT%20en-us%20utf8/jit.lua
[18:14:27.619][info] [#0:script/workspace/loading.lua:98]: Skip loaded file: file:///home/ace/.vscode-oss/extensions/sumneko.lua-3.7.0-linux-x64/server/meta/LuaJIT%20en-us%20utf8/jit.lua
[18:14:27.620][info] [#0:script/workspace/loading.lua:101]: Preload file at: file:///home/ace/.vscode-oss/extensions/sumneko.lua-3.7.0-linux-x64/server/meta/LuaJIT%20en-us%20utf8/table/new.lua , size = 0.642 KB
[18:14:27.621][info] [#0:script/workspace/loading.lua:113]: ++++As library of:	file:///home/ace/.vscode-oss/extensions/sumneko.lua-3.7.0-linux-x64/server/meta/LuaJIT%20en-us%20utf8/table/new.lua
[18:14:27.621][info] [#0:script/workspace/loading.lua:98]: Skip loaded file: file:///home/ace/.vscode-oss/extensions/sumneko.lua-3.7.0-linux-x64/server/meta/LuaJIT%20en-us%20utf8/table/new.lua
[18:14:27.621][info] [#0:script/workspace/loading.lua:101]: Preload file at: file:///home/ace/.vscode-oss/extensions/sumneko.lua-3.7.0-linux-x64/server/meta/LuaJIT%20en-us%20utf8/string.lua , size = 6.323 KB
[18:14:27.630][info] [#0:script/workspace/loading.lua:113]: ++++As library of:	file:///home/ace/.vscode-oss/extensions/sumneko.lua-3.7.0-linux-x64/server/meta/LuaJIT%20en-us%20utf8/string.lua
[18:14:27.630][info] [#0:script/workspace/loading.lua:98]: Skip loaded file: file:///home/ace/.vscode-oss/extensions/sumneko.lua-3.7.0-linux-x64/server/meta/LuaJIT%20en-us%20utf8/string.lua
[18:14:27.630][info] [#0:script/workspace/loading.lua:101]: Preload file at: file:///home/ace/.vscode-oss/extensions/sumneko.lua-3.7.0-linux-x64/server/meta/LuaJIT%20en-us%20utf8/bit.lua , size = 1.320 KB
[18:14:27.634][info] [#0:script/workspace/loading.lua:113]: ++++As library of:	file:///home/ace/.vscode-oss/extensions/sumneko.lua-3.7.0-linux-x64/server/meta/LuaJIT%20en-us%20utf8/bit.lua
[18:14:27.634][info] [#0:script/workspace/loading.lua:98]: Skip loaded file: file:///home/ace/.vscode-oss/extensions/sumneko.lua-3.7.0-linux-x64/server/meta/LuaJIT%20en-us%20utf8/bit.lua
[18:14:27.634][info] [#0:script/workspace/loading.lua:101]: Preload file at: file:///home/ace/.vscode-oss/extensions/sumneko.lua-3.7.0-linux-x64/server/meta/LuaJIT%20en-us%20utf8/math.lua , size = 7.949 KB
[18:14:27.641][info] [#0:script/workspace/loading.lua:113]: ++++As library of:	file:///home/ace/.vscode-oss/extensions/sumneko.lua-3.7.0-linux-x64/server/meta/LuaJIT%20en-us%20utf8/math.lua
[18:14:27.641][info] [#0:script/workspace/loading.lua:98]: Skip loaded file: file:///home/ace/.vscode-oss/extensions/sumneko.lua-3.7.0-linux-x64/server/meta/LuaJIT%20en-us%20utf8/math.lua
[18:14:27.641][info] [#0:script/workspace/loading.lua:101]: Preload file at: file:///home/ace/.vscode-oss/extensions/sumneko.lua-3.7.0-linux-x64/server/meta/LuaJIT%20en-us%20utf8/io.lua , size = 6.364 KB
[18:14:27.646][info] [#0:script/workspace/loading.lua:113]: ++++As library of:	file:///home/ace/.vscode-oss/extensions/sumneko.lua-3.7.0-linux-x64/server/meta/LuaJIT%20en-us%20utf8/io.lua
[18:14:27.646][info] [#0:script/workspace/loading.lua:98]: Skip loaded file: file:///home/ace/.vscode-oss/extensions/sumneko.lua-3.7.0-linux-x64/server/meta/LuaJIT%20en-us%20utf8/io.lua
[18:14:27.646][info] [#0:script/workspace/loading.lua:101]: Preload file at: file:///home/ace/.vscode-oss/extensions/sumneko.lua-3.7.0-linux-x64/server/meta/LuaJIT%20en-us%20utf8/package.lua , size = 2.699 KB
[18:14:27.647][info] [#0:script/workspace/loading.lua:113]: ++++As library of:	file:///home/ace/.vscode-oss/extensions/sumneko.lua-3.7.0-linux-x64/server/meta/LuaJIT%20en-us%20utf8/package.lua
[18:14:27.647][info] [#0:script/workspace/loading.lua:98]: Skip loaded file: file:///home/ace/.vscode-oss/extensions/sumneko.lua-3.7.0-linux-x64/server/meta/LuaJIT%20en-us%20utf8/package.lua
[18:14:27.647][info] [#0:script/workspace/loading.lua:101]: Preload file at: file:///home/ace/.vscode-oss/extensions/sumneko.lua-3.7.0-linux-x64/server/meta/LuaJIT%20en-us%20utf8/coroutine.lua , size = 2.541 KB
[18:14:27.651][info] [#0:script/workspace/loading.lua:113]: ++++As library of:	file:///home/ace/.vscode-oss/extensions/sumneko.lua-3.7.0-linux-x64/server/meta/LuaJIT%20en-us%20utf8/coroutine.lua
[18:14:27.651][info] [#0:script/workspace/loading.lua:98]: Skip loaded file: file:///home/ace/.vscode-oss/extensions/sumneko.lua-3.7.0-linux-x64/server/meta/LuaJIT%20en-us%20utf8/coroutine.lua
[18:14:27.651][info] [#0:script/workspace/loading.lua:101]: Preload file at: file:///home/ace/.vscode-oss/extensions/sumneko.lua-3.7.0-linux-x64/server/meta/LuaJIT%20en-us%20utf8/jit/profile.lua , size = 0.348 KB
[18:14:27.652][info] [#0:script/workspace/loading.lua:113]: ++++As library of:	file:///home/ace/.vscode-oss/extensions/sumneko.lua-3.7.0-linux-x64/server/meta/LuaJIT%20en-us%20utf8/jit/profile.lua
[18:14:27.652][info] [#0:script/workspace/loading.lua:98]: Skip loaded file: file:///home/ace/.vscode-oss/extensions/sumneko.lua-3.7.0-linux-x64/server/meta/LuaJIT%20en-us%20utf8/jit/profile.lua
[18:14:27.652][info] [#0:script/workspace/loading.lua:101]: Preload file at: file:///home/ace/.vscode-oss/extensions/sumneko.lua-3.7.0-linux-x64/server/meta/LuaJIT%20en-us%20utf8/ffi.lua , size = 2.529 KB
[18:14:27.654][info] [#0:script/workspace/loading.lua:113]: ++++As library of:	file:///home/ace/.vscode-oss/extensions/sumneko.lua-3.7.0-linux-x64/server/meta/LuaJIT%20en-us%20utf8/ffi.lua
[18:14:27.654][info] [#0:script/workspace/loading.lua:98]: Skip loaded file: file:///home/ace/.vscode-oss/extensions/sumneko.lua-3.7.0-linux-x64/server/meta/LuaJIT%20en-us%20utf8/ffi.lua
[18:14:27.654][info] [#0:script/workspace/loading.lua:98]: Skip loaded file: file:///home/ace/.vscode-oss/extensions/sumneko.lua-3.7.0-linux-x64/server/meta/LuaJIT%20en-us%20utf8/builtin.lua
[18:14:27.654][info] [#0:script/provider/provider.lua:46]: Load config from client	file:///home/ace/Love
[18:14:27.654][info] [#0:script/provider/provider.lua:47]: {
  Lua = {
    addonManager = {
      enable = true
    },
    codeLens = {
      enable = false
    },
    completion = {
      autoRequire = true,
      callSnippet = "Disable",
      displayContext = 0,
      enable = true,
      keywordSnippet = "Replace",
      postfix = "@",
      requireSeparator = ".",
      showParams = true,
      showWord = "Fallback",
      workspaceWord = true
    },
    diagnostics = {
      disable = {},
      disableScheme = { "git" },
      enable = true,
      globals = {},
      groupFileStatus = {},
      groupSeverity = {},
      ignoredFiles = "Opened",
      libraryFiles = "Opened",
      neededFileStatus = {},
      severity = {},
      unusedLocalExclude = {},
      workspaceDelay = 3000,
      workspaceEvent = "OnSave",
      workspaceRate = 100
    },
    doc = {
      packageName = {},
      privateName = {},
      protectedName = {}
    },
    format = {
      defaultConfig = {},
      enable = true
    },
    hint = {
      arrayIndex = "Auto",
      await = true,
      enable = false,
      paramName = "All",
      paramType = true,
      semicolon = "SameLine",
      setType = false
    },
    hover = {
      enable = true,
      enumsLimit = 5,
      expandAlias = true,
      previewFields = 50,
      viewNumber = true,
      viewString = true,
      viewStringMax = 1000
    },
    misc = {
      executablePath = "",
      parameters = {}
    },
    nameStyle = {
      config = {}
    },
    runtime = {
      builtin = {},
      fileEncoding = "utf8",
      meta = "${version} ${language} ${encoding}",
      nonstandardSymbol = {},
      path = { "?.lua", "?/init.lua" },
      pathStrict = false,
      plugin = "",
      pluginArgs = {},
      special = {
        ["love.filesystem.load"] = "loadfile"
      },
      unicodeName = false,
      version = "LuaJIT"
    },
    semantic = {
      annotation = true,
      enable = true,
      keyword = false,
      variable = true
    },
    signatureHelp = {
      enable = true
    },
    spell = {
      dict = {}
    },
    type = {
      castNumberToInteger = true,
      weakNilCheck = false,
      weakUnionCheck = false
    },
    typeFormat = {
      config = {}
    },
    window = {
      progressBar = true,
      statusBar = true
    },
    workspace = {
      checkThirdParty = true,
      ignoreDir = { ".vscode" },
      ignoreSubmodules = true,
      library = { "${3rd}/love2d/library" },
      maxPreload = 5000,
      preloadFileSize = 500,
      useGitIgnore = true,
      userThirdParty = {}
    }
  },
  ["editor.acceptSuggestionOnEnter"] = "on",
  ["editor.semanticHighlighting.enabled"] = "configuredByTheme",
  ["files.associations"] = {},
  ["files.exclude"] = {
    ["**/.DS_Store"] = true,
    ["**/.git"] = true,
    ["**/.hg"] = true,
    ["**/.svn"] = true,
    ["**/CVS"] = true,
    ["**/Thumbs.db"] = true
  }
}
[18:14:27.655][info] [#0:script/workspace/loading.lua:101]: Preload file at: file:///home/ace/.vscode-oss/extensions/sumneko.lua-3.7.0-linux-x64/server/meta/LuaJIT%20en-us%20utf8/os.lua , size = 5.600 KB
[18:14:27.657][info] [#0:script/workspace/loading.lua:113]: ++++As library of:	file:///home/ace/.vscode-oss/extensions/sumneko.lua-3.7.0-linux-x64/server/meta/LuaJIT%20en-us%20utf8/os.lua
[18:14:27.657][info] [#0:script/provider/provider.lua:61]: Load config from client	fallback
[18:14:27.657][info] [#0:script/provider/provider.lua:62]: {
  Lua = {
    addonManager = {
      enable = true
    },
    codeLens = {
      enable = false
    },
    completion = {
      autoRequire = true,
      callSnippet = "Disable",
      displayContext = 0,
      enable = true,
      keywordSnippet = "Replace",
      postfix = "@",
      requireSeparator = ".",
      showParams = true,
      showWord = "Fallback",
      workspaceWord = true
    },
    diagnostics = {
      disable = {},
      disableScheme = { "git" },
      enable = true,
      globals = {},
      groupFileStatus = {},
      groupSeverity = {},
      ignoredFiles = "Opened",
      libraryFiles = "Opened",
      neededFileStatus = {},
      severity = {},
      unusedLocalExclude = {},
      workspaceDelay = 3000,
      workspaceEvent = "OnSave",
      workspaceRate = 100
    },
    doc = {
      packageName = {},
      privateName = {},
      protectedName = {}
    },
    format = {
      defaultConfig = {},
      enable = true
    },
    hint = {
      arrayIndex = "Auto",
      await = true,
      enable = false,
      paramName = "All",
      paramType = true,
      semicolon = "SameLine",
      setType = false
    },
    hover = {
      enable = true,
      enumsLimit = 5,
      expandAlias = true,
      previewFields = 50,
      viewNumber = true,
      viewString = true,
      viewStringMax = 1000
    },
    misc = {
      executablePath = "",
      parameters = {}
    },
    nameStyle = {
      config = {}
    },
    runtime = {
      builtin = {},
      fileEncoding = "utf8",
      meta = "${version} ${language} ${encoding}",
      nonstandardSymbol = {},
      path = { "?.lua", "?/init.lua" },
      pathStrict = false,
      plugin = "",
      pluginArgs = {},
      special = {
        ["love.filesystem.load"] = "loadfile"
      },
      unicodeName = false,
      version = "LuaJIT"
    },
    semantic = {
      annotation = true,
      enable = true,
      keyword = false,
      variable = true
    },
    signatureHelp = {
      enable = true
    },
    spell = {
      dict = {}
    },
    type = {
      castNumberToInteger = true,
      weakNilCheck = false,
      weakUnionCheck = false
    },
    typeFormat = {
      config = {}
    },
    window = {
      progressBar = true,
      statusBar = true
    },
    workspace = {
      checkThirdParty = true,
      ignoreDir = { ".vscode" },
      ignoreSubmodules = true,
      library = { "${3rd}/love2d/library" },
      maxPreload = 5000,
      preloadFileSize = 500,
      useGitIgnore = true,
      userThirdParty = {}
    }
  },
  ["editor.acceptSuggestionOnEnter"] = "on",
  ["editor.semanticHighlighting.enabled"] = "configuredByTheme",
  ["files.associations"] = {},
  ["files.exclude"] = {
    ["**/.DS_Store"] = true,
    ["**/.git"] = true,
    ["**/.hg"] = true,
    ["**/.svn"] = true,
    ["**/CVS"] = true,
    ["**/Thumbs.db"] = true
  }
}
[18:14:27.658][info] [#0:script/workspace/loading.lua:89]: Skip loaded file: file:///home/ace/.vscode-oss/extensions/sumneko.lua-3.7.0-linux-x64/server/meta/LuaJIT%20en-us%20utf8/os.lua
[18:14:27.658][info] [#0:script/workspace/loading.lua:113]: ++++As library of:	file:///home/ace/.vscode-oss/extensions/sumneko.lua-3.7.0-linux-x64/server/meta/LuaJIT%20en-us%20utf8/os.lua
[18:14:27.658][info] [#0:script/workspace/loading.lua:101]: Preload file at: file:///home/ace/.vscode-oss/extensions/sumneko.lua-3.7.0-linux-x64/server/meta/LuaJIT%20en-us%20utf8/basic.lua , size = 14.989 KB
[18:14:27.665][info] [#0:script/workspace/loading.lua:113]: ++++As library of:	file:///home/ace/.vscode-oss/extensions/sumneko.lua-3.7.0-linux-x64/server/meta/LuaJIT%20en-us%20utf8/basic.lua
[18:14:27.665][info] [#0:script/workspace/loading.lua:101]: Preload file at: file:///home/ace/.vscode-oss/extensions/sumneko.lua-3.7.0-linux-x64/server/meta/LuaJIT%20en-us%20utf8/table/clear.lua , size = 0.797 KB
[18:14:27.665][info] [#0:script/workspace/loading.lua:113]: ++++As library of:	file:///home/ace/.vscode-oss/extensions/sumneko.lua-3.7.0-linux-x64/server/meta/LuaJIT%20en-us%20utf8/table/clear.lua
[18:14:27.665][info] [#0:script/workspace/loading.lua:98]: Skip loaded file: file:///home/ace/.vscode-oss/extensions/sumneko.lua-3.7.0-linux-x64/server/meta/LuaJIT%20en-us%20utf8/table/clear.lua
[18:14:27.665][info] [#0:script/workspace/loading.lua:98]: Skip loaded file: file:///home/ace/.vscode-oss/extensions/sumneko.lua-3.7.0-linux-x64/server/meta/LuaJIT%20en-us%20utf8/basic.lua
[18:14:27.665][info] [#0:script/workspace/loading.lua:101]: Preload file at: file:///home/ace/.vscode-oss/extensions/sumneko.lua-3.7.0-linux-x64/server/meta/3rd/love2d/library/love.lua , size = 10.825 KB
[18:14:27.672][info] [#0:script/workspace/loading.lua:113]: ++++As library of:	file:///home/ace/.vscode-oss/extensions/sumneko.lua-3.7.0-linux-x64/server/meta/3rd/love2d/library
[18:14:27.672][info] [#0:script/workspace/loading.lua:89]: Skip loaded file: file:///home/ace/.vscode-oss/extensions/sumneko.lua-3.7.0-linux-x64/server/meta/3rd/love2d/library/love.lua
[18:14:27.672][info] [#0:script/workspace/loading.lua:113]: ++++As library of:	file:///home/ace/.vscode-oss/extensions/sumneko.lua-3.7.0-linux-x64/server/meta/3rd/love2d/library
[18:14:27.672][info] [#0:script/workspace/loading.lua:101]: Preload file at: file:///home/ace/.vscode-oss/extensions/sumneko.lua-3.7.0-linux-x64/server/meta/3rd/love2d/library/love/audio.lua , size = 33.680 KB
[18:14:27.685][info] [#0:script/workspace/loading.lua:113]: ++++As library of:	file:///home/ace/.vscode-oss/extensions/sumneko.lua-3.7.0-linux-x64/server/meta/3rd/love2d/library
[18:14:27.685][info] [#0:script/workspace/loading.lua:98]: Skip loaded file: file:///home/ace/.vscode-oss/extensions/sumneko.lua-3.7.0-linux-x64/server/meta/3rd/love2d/library/love/audio.lua
[18:14:27.685][info] [#0:script/workspace/loading.lua:101]: Preload file at: file:///home/ace/.vscode-oss/extensions/sumneko.lua-3.7.0-linux-x64/server/meta/3rd/love2d/library/love/data.lua , size = 9.649 KB
[18:14:27.689][info] [#0:script/workspace/loading.lua:113]: ++++As library of:	file:///home/ace/.vscode-oss/extensions/sumneko.lua-3.7.0-linux-x64/server/meta/3rd/love2d/library
[18:14:27.689][info] [#0:script/workspace/loading.lua:98]: Skip loaded file: file:///home/ace/.vscode-oss/extensions/sumneko.lua-3.7.0-linux-x64/server/meta/3rd/love2d/library/love/data.lua
[18:14:27.689][info] [#0:script/workspace/loading.lua:101]: Preload file at: file:///home/ace/.vscode-oss/extensions/sumneko.lua-3.7.0-linux-x64/server/meta/3rd/love2d/library/love/event.lua , size = 4.563 KB
[18:14:27.691][info] [#0:script/workspace/loading.lua:113]: ++++As library of:	file:///home/ace/.vscode-oss/extensions/sumneko.lua-3.7.0-linux-x64/server/meta/3rd/love2d/library
[18:14:27.691][info] [#0:script/workspace/loading.lua:98]: Skip loaded file: file:///home/ace/.vscode-oss/extensions/sumneko.lua-3.7.0-linux-x64/server/meta/3rd/love2d/library/love/event.lua
[18:14:27.691][info] [#0:script/workspace/loading.lua:101]: Preload file at: file:///home/ace/.vscode-oss/extensions/sumneko.lua-3.7.0-linux-x64/server/meta/3rd/love2d/library/love/filesystem.lua , size = 22.718 KB
[18:14:27.703][info] [#0:script/workspace/loading.lua:113]: ++++As library of:	file:///home/ace/.vscode-oss/extensions/sumneko.lua-3.7.0-linux-x64/server/meta/3rd/love2d/library
[18:14:27.703][info] [#0:script/workspace/loading.lua:98]: Skip loaded file: file:///home/ace/.vscode-oss/extensions/sumneko.lua-3.7.0-linux-x64/server/meta/3rd/love2d/library/love/filesystem.lua
[18:14:27.703][info] [#0:script/workspace/loading.lua:101]: Preload file at: file:///home/ace/.vscode-oss/extensions/sumneko.lua-3.7.0-linux-x64/server/meta/3rd/love2d/library/love/font.lua , size = 7.587 KB
[18:14:27.707][info] [#0:script/workspace/loading.lua:113]: ++++As library of:	file:///home/ace/.vscode-oss/extensions/sumneko.lua-3.7.0-linux-x64/server/meta/3rd/love2d/library
[18:14:27.707][info] [#0:script/workspace/loading.lua:98]: Skip loaded file: file:///home/ace/.vscode-oss/extensions/sumneko.lua-3.7.0-linux-x64/server/meta/3rd/love2d/library/love/font.lua
[18:14:27.707][info] [#0:script/workspace/loading.lua:101]: Preload file at: file:///home/ace/.vscode-oss/extensions/sumneko.lua-3.7.0-linux-x64/server/meta/3rd/love2d/library/love/graphics.lua , size = 158.601 KB
[18:14:27.776][info] [#0:script/workspace/loading.lua:113]: ++++As library of:	file:///home/ace/.vscode-oss/extensions/sumneko.lua-3.7.0-linux-x64/server/meta/3rd/love2d/library
[18:14:27.776][info] [#0:script/workspace/loading.lua:98]: Skip loaded file: file:///home/ace/.vscode-oss/extensions/sumneko.lua-3.7.0-linux-x64/server/meta/3rd/love2d/library/love/graphics.lua
[18:14:27.776][info] [#0:script/workspace/loading.lua:101]: Preload file at: file:///home/ace/.vscode-oss/extensions/sumneko.lua-3.7.0-linux-x64/server/meta/3rd/love2d/library/love/image.lua , size = 21.299 KB
[18:14:27.783][info] [#0:script/workspace/loading.lua:113]: ++++As library of:	file:///home/ace/.vscode-oss/extensions/sumneko.lua-3.7.0-linux-x64/server/meta/3rd/love2d/library
[18:14:27.783][info] [#0:script/workspace/loading.lua:98]: Skip loaded file: file:///home/ace/.vscode-oss/extensions/sumneko.lua-3.7.0-linux-x64/server/meta/3rd/love2d/library/love/image.lua
[18:14:27.783][info] [#0:script/workspace/loading.lua:101]: Preload file at: file:///home/ace/.vscode-oss/extensions/sumneko.lua-3.7.0-linux-x64/server/meta/3rd/love2d/library/love/joystick.lua , size = 14.190 KB
[18:14:27.788][info] [#0:script/workspace/loading.lua:113]: ++++As library of:	file:///home/ace/.vscode-oss/extensions/sumneko.lua-3.7.0-linux-x64/server/meta/3rd/love2d/library
[18:14:27.788][info] [#0:script/workspace/loading.lua:98]: Skip loaded file: file:///home/ace/.vscode-oss/extensions/sumneko.lua-3.7.0-linux-x64/server/meta/3rd/love2d/library/love/joystick.lua
[18:14:27.788][info] [#0:script/workspace/loading.lua:101]: Preload file at: file:///home/ace/.vscode-oss/extensions/sumneko.lua-3.7.0-linux-x64/server/meta/3rd/love2d/library/love/keyboard.lua , size = 22.717 KB
[18:14:27.806][info] [#0:script/workspace/loading.lua:113]: ++++As library of:	file:///home/ace/.vscode-oss/extensions/sumneko.lua-3.7.0-linux-x64/server/meta/3rd/love2d/library
[18:14:27.806][info] [#0:script/workspace/loading.lua:98]: Skip loaded file: file:///home/ace/.vscode-oss/extensions/sumneko.lua-3.7.0-linux-x64/server/meta/3rd/love2d/library/love/keyboard.lua
[18:14:27.806][info] [#0:script/workspace/loading.lua:101]: Preload file at: file:///home/ace/.vscode-oss/extensions/sumneko.lua-3.7.0-linux-x64/server/meta/3rd/love2d/library/love/math.lua , size = 31.028 KB
[18:14:27.818][info] [#0:script/workspace/loading.lua:113]: ++++As library of:	file:///home/ace/.vscode-oss/extensions/sumneko.lua-3.7.0-linux-x64/server/meta/3rd/love2d/library
[18:14:27.818][info] [#0:script/workspace/loading.lua:98]: Skip loaded file: file:///home/ace/.vscode-oss/extensions/sumneko.lua-3.7.0-linux-x64/server/meta/3rd/love2d/library/love/math.lua
[18:14:27.818][info] [#0:script/workspace/loading.lua:101]: Preload file at: file:///home/ace/.vscode-oss/extensions/sumneko.lua-3.7.0-linux-x64/server/meta/3rd/love2d/library/love/mouse.lua , size = 8.759 KB
[18:14:27.821][info] [#0:script/workspace/loading.lua:113]: ++++As library of:	file:///home/ace/.vscode-oss/extensions/sumneko.lua-3.7.0-linux-x64/server/meta/3rd/love2d/library
[18:14:27.821][info] [#0:script/workspace/loading.lua:98]: Skip loaded file: file:///home/ace/.vscode-oss/extensions/sumneko.lua-3.7.0-linux-x64/server/meta/3rd/love2d/library/love/mouse.lua
[18:14:27.821][info] [#0:script/workspace/loading.lua:101]: Preload file at: file:///home/ace/.vscode-oss/extensions/sumneko.lua-3.7.0-linux-x64/server/meta/3rd/love2d/library/love/physics.lua , size = 109.736 KB
[18:14:27.872][info] [#0:script/workspace/loading.lua:113]: ++++As library of:	file:///home/ace/.vscode-oss/extensions/sumneko.lua-3.7.0-linux-x64/server/meta/3rd/love2d/library
[18:14:27.872][info] [#0:script/workspace/loading.lua:98]: Skip loaded file: file:///home/ace/.vscode-oss/extensions/sumneko.lua-3.7.0-linux-x64/server/meta/3rd/love2d/library/love/physics.lua
[18:14:27.872][info] [#0:script/workspace/loading.lua:101]: Preload file at: file:///home/ace/.vscode-oss/extensions/sumneko.lua-3.7.0-linux-x64/server/meta/3rd/love2d/library/love/sound.lua , size = 5.808 KB
[18:14:27.875][info] [#0:script/workspace/loading.lua:113]: ++++As library of:	file:///home/ace/.vscode-oss/extensions/sumneko.lua-3.7.0-linux-x64/server/meta/3rd/love2d/library
[18:14:27.875][info] [#0:script/workspace/loading.lua:98]: Skip loaded file: file:///home/ace/.vscode-oss/extensions/sumneko.lua-3.7.0-linux-x64/server/meta/3rd/love2d/library/love/sound.lua
[18:14:27.875][info] [#0:script/workspace/loading.lua:101]: Preload file at: file:///home/ace/.vscode-oss/extensions/sumneko.lua-3.7.0-linux-x64/server/meta/3rd/love2d/library/love/system.lua , size = 3.604 KB
[18:14:27.877][info] [#0:script/workspace/loading.lua:113]: ++++As library of:	file:///home/ace/.vscode-oss/extensions/sumneko.lua-3.7.0-linux-x64/server/meta/3rd/love2d/library
[18:14:27.877][info] [#0:script/workspace/loading.lua:98]: Skip loaded file: file:///home/ace/.vscode-oss/extensions/sumneko.lua-3.7.0-linux-x64/server/meta/3rd/love2d/library/love/system.lua
[18:14:27.877][info] [#0:script/workspace/loading.lua:101]: Preload file at: file:///home/ace/.vscode-oss/extensions/sumneko.lua-3.7.0-linux-x64/server/meta/3rd/love2d/library/love/thread.lua , size = 7.104 KB
[18:14:27.894][info] [#0:script/workspace/loading.lua:113]: ++++As library of:	file:///home/ace/.vscode-oss/extensions/sumneko.lua-3.7.0-linux-x64/server/meta/3rd/love2d/library
[18:14:27.894][info] [#0:script/workspace/loading.lua:98]: Skip loaded file: file:///home/ace/.vscode-oss/extensions/sumneko.lua-3.7.0-linux-x64/server/meta/3rd/love2d/library/love/thread.lua
[18:14:27.894][info] [#0:script/workspace/loading.lua:101]: Preload file at: file:///home/ace/.vscode-oss/extensions/sumneko.lua-3.7.0-linux-x64/server/meta/3rd/love2d/library/love/timer.lua , size = 1.727 KB
[18:14:27.895][info] [#0:script/workspace/loading.lua:113]: ++++As library of:	file:///home/ace/.vscode-oss/extensions/sumneko.lua-3.7.0-linux-x64/server/meta/3rd/love2d/library
[18:14:27.895][info] [#0:script/workspace/loading.lua:98]: Skip loaded file: file:///home/ace/.vscode-oss/extensions/sumneko.lua-3.7.0-linux-x64/server/meta/3rd/love2d/library/love/timer.lua
[18:14:27.895][info] [#0:script/workspace/loading.lua:101]: Preload file at: file:///home/ace/.vscode-oss/extensions/sumneko.lua-3.7.0-linux-x64/server/meta/3rd/love2d/library/love/touch.lua , size = 1.456 KB
[18:14:27.895][info] [#0:script/workspace/loading.lua:113]: ++++As library of:	file:///home/ace/.vscode-oss/extensions/sumneko.lua-3.7.0-linux-x64/server/meta/3rd/love2d/library
[18:14:27.895][info] [#0:script/workspace/loading.lua:98]: Skip loaded file: file:///home/ace/.vscode-oss/extensions/sumneko.lua-3.7.0-linux-x64/server/meta/3rd/love2d/library/love/touch.lua
[18:14:27.895][info] [#0:script/workspace/loading.lua:101]: Preload file at: file:///home/ace/.vscode-oss/extensions/sumneko.lua-3.7.0-linux-x64/server/meta/3rd/love2d/library/love/video.lua , size = 2.342 KB
[18:14:27.897][info] [#0:script/workspace/loading.lua:113]: ++++As library of:	file:///home/ace/.vscode-oss/extensions/sumneko.lua-3.7.0-linux-x64/server/meta/3rd/love2d/library
[18:14:27.897][info] [#0:script/workspace/loading.lua:98]: Skip loaded file: file:///home/ace/.vscode-oss/extensions/sumneko.lua-3.7.0-linux-x64/server/meta/3rd/love2d/library/love/video.lua
[18:14:27.897][info] [#0:script/workspace/loading.lua:101]: Preload file at: file:///home/ace/.vscode-oss/extensions/sumneko.lua-3.7.0-linux-x64/server/meta/3rd/love2d/library/love/window.lua , size = 17.922 KB
[18:14:27.902][info] [#0:script/workspace/loading.lua:113]: ++++As library of:	file:///home/ace/.vscode-oss/extensions/sumneko.lua-3.7.0-linux-x64/server/meta/3rd/love2d/library
[18:14:27.903][info] [#0:script/workspace/loading.lua:101]: Preload file at: file:///home/ace/.vscode-oss/extensions/sumneko.lua-3.7.0-linux-x64/server/meta/LuaJIT%20en-us%20utf8/debug.lua , size = 7.310 KB
[18:14:27.906][info] [#0:script/workspace/loading.lua:113]: ++++As library of:	file:///home/ace/.vscode-oss/extensions/sumneko.lua-3.7.0-linux-x64/server/meta/LuaJIT%20en-us%20utf8/debug.lua
[18:14:27.906][info] [#0:script/workspace/loading.lua:98]: Skip loaded file: file:///home/ace/.vscode-oss/extensions/sumneko.lua-3.7.0-linux-x64/server/meta/3rd/love2d/library/love/window.lua
[18:14:27.906][info] [#0:script/workspace/loading.lua:98]: Skip loaded file: file:///home/ace/.vscode-oss/extensions/sumneko.lua-3.7.0-linux-x64/server/meta/LuaJIT%20en-us%20utf8/debug.lua
[18:14:27.906][info] [#0:script/workspace/loading.lua:173]: Loaded files takes [0.323] sec: <fallback>
[18:14:27.906][info] [#0:script/workspace/loading.lua:182]: Compile files takes [0.000] sec: <fallback>
[18:14:27.906][info] [#0:script/workspace/loading.lua:183]: Loaded finish:	<fallback>
[18:14:27.906][info] [#0:script/workspace/workspace.lua:381]: Preload finish at:	<fallback>
[18:14:27.919][info] [#0:script/provider/provider.lua:46]: Load config from client	file:///home/ace/Love
[18:14:27.920][info] [#0:script/provider/provider.lua:47]: {
  Lua = {
    addonManager = {
      enable = true
    },
    codeLens = {
      enable = false
    },
    completion = {
      autoRequire = true,
      callSnippet = "Disable",
      displayContext = 0,
      enable = true,
      keywordSnippet = "Replace",
      postfix = "@",
      requireSeparator = ".",
      showParams = true,
      showWord = "Fallback",
      workspaceWord = true
    },
    diagnostics = {
      disable = {},
      disableScheme = { "git" },
      enable = true,
      globals = {},
      groupFileStatus = {},
      groupSeverity = {},
      ignoredFiles = "Opened",
      libraryFiles = "Opened",
      neededFileStatus = {},
      severity = {},
      unusedLocalExclude = {},
      workspaceDelay = 3000,
      workspaceEvent = "OnSave",
      workspaceRate = 100
    },
    doc = {
      packageName = {},
      privateName = {},
      protectedName = {}
    },
    format = {
      defaultConfig = {},
      enable = true
    },
    hint = {
      arrayIndex = "Auto",
      await = true,
      enable = false,
      paramName = "All",
      paramType = true,
      semicolon = "SameLine",
      setType = false
    },
    hover = {
      enable = true,
      enumsLimit = 5,
      expandAlias = true,
      previewFields = 50,
      viewNumber = true,
      viewString = true,
      viewStringMax = 1000
    },
    misc = {
      executablePath = "",
      parameters = {}
    },
    nameStyle = {
      config = {}
    },
    runtime = {
      builtin = {},
      fileEncoding = "utf8",
      meta = "${version} ${language} ${encoding}",
      nonstandardSymbol = {},
      path = { "?.lua", "?/init.lua" },
      pathStrict = false,
      plugin = "",
      pluginArgs = {},
      special = {
        ["love.filesystem.load"] = "loadfile"
      },
      unicodeName = false,
      version = "LuaJIT"
    },
    semantic = {
      annotation = true,
      enable = true,
      keyword = false,
      variable = true
    },
    signatureHelp = {
      enable = true
    },
    spell = {
      dict = {}
    },
    type = {
      castNumberToInteger = true,
      weakNilCheck = false,
      weakUnionCheck = false
    },
    typeFormat = {
      config = {}
    },
    window = {
      progressBar = true,
      statusBar = true
    },
    workspace = {
      checkThirdParty = true,
      ignoreDir = { ".vscode" },
      ignoreSubmodules = true,
      library = { "${3rd}/love2d/library" },
      maxPreload = 5000,
      preloadFileSize = 500,
      useGitIgnore = true,
      userThirdParty = {}
    }
  },
  ["editor.acceptSuggestionOnEnter"] = "on",
  ["editor.semanticHighlighting.enabled"] = "configuredByTheme",
  ["files.associations"] = {},
  ["files.exclude"] = {
    ["**/.DS_Store"] = true,
    ["**/.git"] = true,
    ["**/.hg"] = true,
    ["**/.svn"] = true,
    ["**/CVS"] = true,
    ["**/Thumbs.db"] = true
  }
}
[18:14:27.920][info] [#0:script/workspace/loading.lua:89]: Skip loaded file: file:///home/ace/Love/main.lua
[18:14:27.923][info] [#0:script/provider/provider.lua:61]: Load config from client	fallback
[18:14:27.923][info] [#0:script/provider/provider.lua:62]: {
  Lua = {
    addonManager = {
      enable = true
    },
    codeLens = {
      enable = false
    },
    completion = {
      autoRequire = true,
      callSnippet = "Disable",
      displayContext = 0,
      enable = true,
      keywordSnippet = "Replace",
      postfix = "@",
      requireSeparator = ".",
      showParams = true,
      showWord = "Fallback",
      workspaceWord = true
    },
    diagnostics = {
      disable = {},
      disableScheme = { "git" },
      enable = true,
      globals = {},
      groupFileStatus = {},
      groupSeverity = {},
      ignoredFiles = "Opened",
      libraryFiles = "Opened",
      neededFileStatus = {},
      severity = {},
      unusedLocalExclude = {},
      workspaceDelay = 3000,
      workspaceEvent = "OnSave",
      workspaceRate = 100
    },
    doc = {
      packageName = {},
      privateName = {},
      protectedName = {}
    },
    format = {
      defaultConfig = {},
      enable = true
    },
    hint = {
      arrayIndex = "Auto",
      await = true,
      enable = false,
      paramName = "All",
      paramType = true,
      semicolon = "SameLine",
      setType = false
    },
    hover = {
      enable = true,
      enumsLimit = 5,
      expandAlias = true,
      previewFields = 50,
      viewNumber = true,
      viewString = true,
      viewStringMax = 1000
    },
    misc = {
      executablePath = "",
      parameters = {}
    },
    nameStyle = {
      config = {}
    },
    runtime = {
      builtin = {},
      fileEncoding = "utf8",
      meta = "${version} ${language} ${encoding}",
      nonstandardSymbol = {},
      path = { "?.lua", "?/init.lua" },
      pathStrict = false,
      plugin = "",
      pluginArgs = {},
      special = {
        ["love.filesystem.load"] = "loadfile"
      },
      unicodeName = false,
      version = "LuaJIT"
    },
    semantic = {
      annotation = true,
      enable = true,
      keyword = false,
      variable = true
    },
    signatureHelp = {
      enable = true
    },
    spell = {
      dict = {}
    },
    type = {
      castNumberToInteger = true,
      weakNilCheck = false,
      weakUnionCheck = false
    },
    typeFormat = {
      config = {}
    },
    window = {
      progressBar = true,
      statusBar = true
    },
    workspace = {
      checkThirdParty = true,
      ignoreDir = { ".vscode" },
      ignoreSubmodules = true,
      library = { "${3rd}/love2d/library" },
      maxPreload = 5000,
      preloadFileSize = 500,
      useGitIgnore = true,
      userThirdParty = {}
    }
  },
  ["editor.acceptSuggestionOnEnter"] = "on",
  ["editor.semanticHighlighting.enabled"] = "configuredByTheme",
  ["files.associations"] = {},
  ["files.exclude"] = {
    ["**/.DS_Store"] = true,
    ["**/.git"] = true,
    ["**/.hg"] = true,
    ["**/.svn"] = true,
    ["**/CVS"] = true,
    ["**/Thumbs.db"] = true
  }
}
[18:14:28.033][info] [#0:script/workspace/loading.lua:101]: Preload file at: file:///home/ace/Love/anim.lua , size = 0.665 KB
[18:14:28.062][info] [#0:script/provider/provider.lua:46]: Load config from client	file:///home/ace/Love
[18:14:28.063][info] [#0:script/provider/provider.lua:47]: {
  Lua = {
    addonManager = {
      enable = true
    },
    codeLens = {
      enable = false
    },
    completion = {
      autoRequire = true,
      callSnippet = "Disable",
      displayContext = 0,
      enable = true,
      keywordSnippet = "Replace",
      postfix = "@",
      requireSeparator = ".",
      showParams = true,
      showWord = "Fallback",
      workspaceWord = true
    },
    diagnostics = {
      disable = {},
      disableScheme = { "git" },
      enable = true,
      globals = {},
      groupFileStatus = {},
      groupSeverity = {},
      ignoredFiles = "Opened",
      libraryFiles = "Opened",
      neededFileStatus = {},
      severity = {},
      unusedLocalExclude = {},
      workspaceDelay = 3000,
      workspaceEvent = "OnSave",
      workspaceRate = 100
    },
    doc = {
      packageName = {},
      privateName = {},
      protectedName = {}
    },
    format = {
      defaultConfig = {},
      enable = true
    },
    hint = {
      arrayIndex = "Auto",
      await = true,
      enable = false,
      paramName = "All",
      paramType = true,
      semicolon = "SameLine",
      setType = false
    },
    hover = {
      enable = true,
      enumsLimit = 5,
      expandAlias = true,
      previewFields = 50,
      viewNumber = true,
      viewString = true,
      viewStringMax = 1000
    },
    misc = {
      executablePath = "",
      parameters = {}
    },
    nameStyle = {
      config = {}
    },
    runtime = {
      builtin = {},
      fileEncoding = "utf8",
      meta = "${version} ${language} ${encoding}",
      nonstandardSymbol = {},
      path = { "?.lua", "?/init.lua" },
      pathStrict = false,
      plugin = "",
      pluginArgs = {},
      special = {
        ["love.filesystem.load"] = "loadfile"
      },
      unicodeName = false,
      version = "LuaJIT"
    },
    semantic = {
      annotation = true,
      enable = true,
      keyword = false,
      variable = true
    },
    signatureHelp = {
      enable = true
    },
    spell = {
      dict = {}
    },
    type = {
      castNumberToInteger = true,
      weakNilCheck = false,
      weakUnionCheck = false
    },
    typeFormat = {
      config = {}
    },
    window = {
      progressBar = true,
      statusBar = true
    },
    workspace = {
      checkThirdParty = true,
      ignoreDir = { ".vscode" },
      ignoreSubmodules = true,
      library = { "${3rd}/love2d/library" },
      maxPreload = 5000,
      preloadFileSize = 500,
      useGitIgnore = true,
      userThirdParty = {}
    }
  },
  ["editor.acceptSuggestionOnEnter"] = "on",
  ["editor.semanticHighlighting.enabled"] = "configuredByTheme",
  ["files.associations"] = {},
  ["files.exclude"] = {
    ["**/.DS_Store"] = true,
    ["**/.git"] = true,
    ["**/.hg"] = true,
    ["**/.svn"] = true,
    ["**/CVS"] = true,
    ["**/Thumbs.db"] = true
  }
}
[18:14:28.065][info] [#0:script/provider/provider.lua:61]: Load config from client	fallback
[18:14:28.065][info] [#0:script/provider/provider.lua:62]: {
  Lua = {
    addonManager = {
      enable = true
    },
    codeLens = {
      enable = false
    },
    completion = {
      autoRequire = true,
      callSnippet = "Disable",
      displayContext = 0,
      enable = true,
      keywordSnippet = "Replace",
      postfix = "@",
      requireSeparator = ".",
      showParams = true,
      showWord = "Fallback",
      workspaceWord = true
    },
    diagnostics = {
      disable = {},
      disableScheme = { "git" },
      enable = true,
      globals = {},
      groupFileStatus = {},
      groupSeverity = {},
      ignoredFiles = "Opened",
      libraryFiles = "Opened",
      neededFileStatus = {},
      severity = {},
      unusedLocalExclude = {},
      workspaceDelay = 3000,
      workspaceEvent = "OnSave",
      workspaceRate = 100
    },
    doc = {
      packageName = {},
      privateName = {},
      protectedName = {}
    },
    format = {
      defaultConfig = {},
      enable = true
    },
    hint = {
      arrayIndex = "Auto",
      await = true,
      enable = false,
      paramName = "All",
      paramType = true,
      semicolon = "SameLine",
      setType = false
    },
    hover = {
      enable = true,
      enumsLimit = 5,
      expandAlias = true,
      previewFields = 50,
      viewNumber = true,
      viewString = true,
      viewStringMax = 1000
    },
    misc = {
      executablePath = "",
      parameters = {}
    },
    nameStyle = {
      config = {}
    },
    runtime = {
      builtin = {},
      fileEncoding = "utf8",
      meta = "${version} ${language} ${encoding}",
      nonstandardSymbol = {},
      path = { "?.lua", "?/init.lua" },
      pathStrict = false,
      plugin = "",
      pluginArgs = {},
      special = {
        ["love.filesystem.load"] = "loadfile"
      },
      unicodeName = false,
      version = "LuaJIT"
    },
    semantic = {
      annotation = true,
      enable = true,
      keyword = false,
      variable = true
    },
    signatureHelp = {
      enable = true
    },
    spell = {
      dict = {}
    },
    type = {
      castNumberToInteger = true,
      weakNilCheck = false,
      weakUnionCheck = false
    },
    typeFormat = {
      config = {}
    },
    window = {
      progressBar = true,
      statusBar = true
    },
    workspace = {
      checkThirdParty = true,
      ignoreDir = { ".vscode" },
      ignoreSubmodules = true,
      library = { "${3rd}/love2d/library" },
      maxPreload = 5000,
      preloadFileSize = 500,
      useGitIgnore = true,
      userThirdParty = {}
    }
  },
  ["editor.acceptSuggestionOnEnter"] = "on",
  ["editor.semanticHighlighting.enabled"] = "configuredByTheme",
  ["files.associations"] = {},
  ["files.exclude"] = {
    ["**/.DS_Store"] = true,
    ["**/.git"] = true,
    ["**/.hg"] = true,
    ["**/.svn"] = true,
    ["**/CVS"] = true,
    ["**/Thumbs.db"] = true
  }
}
[18:14:28.174][info] [#0:script/workspace/loading.lua:173]: Loaded files takes [0.393] sec: file:///home/ace/Love
[18:14:28.174][info] [#0:script/workspace/loading.lua:182]: Compile files takes [0.000] sec: file:///home/ace/Love
[18:14:28.174][info] [#0:script/workspace/loading.lua:183]: Loaded finish:	file:///home/ace/Love
[18:14:28.174][info] [#0:script/workspace/workspace.lua:381]: Preload finish at:	file:///home/ace/Love
[18:14:28.190][info] [#0:script/provider/diagnostic.lua:557]: Diagnostics scope [file:///home/ace/Love], files count:[40]
[18:14:28.214][info] [#0:script/provider/diagnostic.lua:574]: Diagnostics scope [file:///home/ace/Love] finished, takes [0.022] sec.
[18:14:48.338][warn] [#0:script/pub/report.lua:25]: Load proto error:	Disconnected!
