[16:09:52.740][info] [#0:/home/ace/.vscode-oss/extensions/sumneko.lua-3.7.0-linux-x64/server/main.lua:66]: Lua Lsp startup, root: 	/home/ace/.vscode-oss/extensions/sumneko.lua-3.7.0-linux-x64/server
[16:09:52.741][info] [#0:/home/ace/.vscode-oss/extensions/sumneko.lua-3.7.0-linux-x64/server/main.lua:67]: ROOT:	/home/ace/.vscode-oss/extensions/sumneko.lua-3.7.0-linux-x64/server
[16:09:52.741][info] [#0:/home/ace/.vscode-oss/extensions/sumneko.lua-3.7.0-linux-x64/server/main.lua:68]: LOGPATH:	/home/ace/.vscode-oss/extensions/sumneko.lua-3.7.0-linux-x64/server/log
[16:09:52.741][info] [#0:/home/ace/.vscode-oss/extensions/sumneko.lua-3.7.0-linux-x64/server/main.lua:69]: METAPATH:	/home/ace/.vscode-oss/extensions/sumneko.lua-3.7.0-linux-x64/server/meta
[16:09:52.741][info] [#0:/home/ace/.vscode-oss/extensions/sumneko.lua-3.7.0-linux-x64/server/main.lua:70]: VERSION:	3.7.0
[16:09:52.760][info] [#0:script/service/service.lua:144]: 
========= Medical Examination Report =========
    --------------- Memory ---------------
        Total: 2.140 MB
        # 00 : 2.140 MB
        # 01 : 0.000 MB
        # 02 : 0.000 MB
        # 03 : 0.000 MB
        # 04 : 0.000 MB
    --------------- Coroutine ---------------
        Total:     0
        Running:   0
        Suspended: 0
        Normal:    0
        Dead:      0
    --------------- Cache ---------------
        Total: 1
        Dead:  0
    ---------------  RPC  ---------------
        Holdon:   0
        Waiting:  0
==============================================
[16:09:52.764][info] [#0:script/client.lua:657]: Client init	{
  capabilities = {
    general = {
      markdown = {
        allowedTags = { "ul", "li", "p", "code", "blockquote", "ol", "h1", "h2", "h3", "h4", "h5", "h6", "hr", "em", "pre", "table", "thead", "tbody", "tr", "th", "td", "div", "del", "a", "strong", "br", "img", "span" },
        parser = "marked",
        version = "1.1.0"
      },
      positionEncodings = { "utf-16" },
      regularExpressions = {
        engine = "ECMAScript",
        version = "ES2020"
      },
      staleRequestSupport = {
        cancel = true,
        retryOnContentModified = { "textDocument/semanticTokens/full", "textDocument/semanticTokens/range", "textDocument/semanticTokens/full/delta" }
      }
    },
    notebookDocument = {
      synchronization = {
        dynamicRegistration = true,
        executionSummarySupport = true
      }
    },
    textDocument = {
      callHierarchy = {
        dynamicRegistration = true
      },
      codeAction = {
        codeActionLiteralSupport = {
          codeActionKind = {
            valueSet = { "", "quickfix", "refactor", "refactor.extract", "refactor.inline", "refactor.rewrite", "source", "source.organizeImports" }
          }
        },
        dataSupport = true,
        disabledSupport = true,
        dynamicRegistration = true,
        honorsChangeAnnotations = false,
        isPreferredSupport = true,
        resolveSupport = {
          properties = { "edit" }
        }
      },
      codeLens = {
        dynamicRegistration = true
      },
      colorProvider = {
        dynamicRegistration = true
      },
      completion = {
        completionItem = {
          commitCharactersSupport = true,
          deprecatedSupport = true,
          documentationFormat = { "markdown", "plaintext" },
          insertReplaceSupport = true,
          insertTextModeSupport = {
            valueSet = { 1, 2 }
          },
          labelDetailsSupport = true,
          preselectSupport = true,
          resolveSupport = {
            properties = { "documentation", "detail", "additionalTextEdits" }
          },
          snippetSupport = true,
          tagSupport = {
            valueSet = { 1 }
          }
        },
        completionItemKind = {
          valueSet = { 1, 2, 3, 4, 5, 6, 7, 8, 9, 10, 11, 12, 13, 14, 15, 16, 17, 18, 19, 20, 21, 22, 23, 24, 25 }
        },
        completionList = {
          itemDefaults = { "commitCharacters", "editRange", "insertTextFormat", "insertTextMode" }
        },
        contextSupport = true,
        dynamicRegistration = true,
        insertTextMode = 2
      },
      declaration = {
        dynamicRegistration = true,
        linkSupport = true
      },
      definition = {
        dynamicRegistration = true,
        linkSupport = true
      },
      diagnostic = {
        dynamicRegistration = true,
        relatedDocumentSupport = false
      },
      documentHighlight = {
        dynamicRegistration = true
      },
      documentLink = {
        dynamicRegistration = true,
        tooltipSupport = true
      },
      documentSymbol = {
        dynamicRegistration = true,
        hierarchicalDocumentSymbolSupport = true,
        labelSupport = true,
        symbolKind = {
          valueSet = { 1, 2, 3, 4, 5, 6, 7, 8, 9, 10, 11, 12, 13, 14, 15, 16, 17, 18, 19, 20, 21, 22, 23, 24, 25, 26 }
        },
        tagSupport = {
          valueSet = { 1 }
        }
      },
      foldingRange = {
        dynamicRegistration = true,
        foldingRange = {
          collapsedText = false
        },
        foldingRangeKind = {
          valueSet = { "comment", "imports", "region" }
        },
        lineFoldingOnly = true,
        rangeLimit = 5000
      },
      formatting = {
        dynamicRegistration = true
      },
      hover = {
        contentFormat = { "markdown", "plaintext" },
        dynamicRegistration = true
      },
      implementation = {
        dynamicRegistration = true,
        linkSupport = true
      },
      inlayHint = {
        dynamicRegistration = true,
        resolveSupport = {
          properties = { "tooltip", "textEdits", "label.tooltip", "label.location", "label.command" }
        }
      },
      inlineValue = {
        dynamicRegistration = true
      },
      linkedEditingRange = {
        dynamicRegistration = true
      },
      onTypeFormatting = {
        dynamicRegistration = true
      },
      publishDiagnostics = {
        codeDescriptionSupport = true,
        dataSupport = true,
        relatedInformation = true,
        tagSupport = {
          valueSet = { 1, 2 }
        },
        versionSupport = false
      },
      rangeFormatting = {
        dynamicRegistration = true
      },
      references = {
        dynamicRegistration = true
      },
      rename = {
        dynamicRegistration = true,
        honorsChangeAnnotations = true,
        prepareSupport = true,
        prepareSupportDefaultBehavior = 1
      },
      selectionRange = {
        dynamicRegistration = true
      },
      semanticTokens = {
        augmentsSyntaxTokens = true,
        dynamicRegistration = true,
        formats = { "relative" },
        multilineTokenSupport = false,
        overlappingTokenSupport = false,
        requests = {
          full = {
            delta = true
          },
          range = true
        },
        serverCancelSupport = true,
        tokenModifiers = { "declaration", "definition", "readonly", "static", "deprecated", "abstract", "async", "modification", "documentation", "defaultLibrary" },
        tokenTypes = { "namespace", "type", "class", "enum", "interface", "struct", "typeParameter", "parameter", "variable", "property", "enumMember", "event", "function", "method", "macro", "keyword", "modifier", "comment", "string", "number", "regexp", "operator", "decorator" }
      },
      signatureHelp = {
        contextSupport = true,
        dynamicRegistration = true,
        signatureInformation = {
          activeParameterSupport = true,
          documentationFormat = { "markdown", "plaintext" },
          parameterInformation = {
            labelOffsetSupport = true
          }
        }
      },
      synchronization = {
        didSave = true,
        dynamicRegistration = true,
        willSave = true,
        willSaveWaitUntil = true
      },
      typeDefinition = {
        dynamicRegistration = true,
        linkSupport = true
      },
      typeHierarchy = {
        dynamicRegistration = true
      }
    },
    window = {
      showDocument = {
        support = true
      },
      showMessage = {
        messageActionItem = {
          additionalPropertiesSupport = true
        }
      },
      workDoneProgress = true
    },
    workspace = {
      applyEdit = true,
      codeLens = {
        refreshSupport = true
      },
      configuration = true,
      diagnostics = {
        refreshSupport = true
      },
      didChangeConfiguration = {
        dynamicRegistration = true
      },
      didChangeWatchedFiles = {
        dynamicRegistration = true,
        relativePatternSupport = true
      },
      executeCommand = {
        dynamicRegistration = true
      },
      fileOperations = {
        didCreate = true,
        didDelete = true,
        didRename = true,
        dynamicRegistration = true,
        willCreate = true,
        willDelete = true,
        willRename = true
      },
      inlayHint = {
        refreshSupport = true
      },
      inlineValue = {
        refreshSupport = true
      },
      semanticTokens = {
        refreshSupport = true
      },
      symbol = {
        dynamicRegistration = true,
        resolveSupport = {
          properties = { "location.range" }
        },
        symbolKind = {
          valueSet = { 1, 2, 3, 4, 5, 6, 7, 8, 9, 10, 11, 12, 13, 14, 15, 16, 17, 18, 19, 20, 21, 22, 23, 24, 25, 26 }
        },
        tagSupport = {
          valueSet = { 1 }
        }
      },
      workspaceEdit = {
        changeAnnotationSupport = {
          groupsOnLabel = true
        },
        documentChanges = true,
        failureHandling = "textOnlyTransactional",
        normalizesLineEndings = true,
        resourceOperations = { "create", "rename", "delete" }
      },
      workspaceFolders = true
    }
  },
  clientInfo = {
    name = "Code - OSS",
    version = "1.83.0"
  },
  initializationOptions = {
    changeConfiguration = true
  },
  locale = "en",
  processId = 13357,
  rootPath = "/home/ace/.config/awesome",
  rootUri = "file:///home/ace/.config/awesome",
  trace = "off",
  workDoneToken = "a4b0237f-0ac8-4de1-9da6-62036a256a52",
  workspaceFolders = { {
      name = "awesome",
      uri = "file:///home/ace/.config/awesome"
    } }
}
[16:09:52.764][info] [#0:script/language.lua:137]: VSC language: en
[16:09:52.764][info] [#0:script/language.lua:138]: LS  language: en-us
[16:09:52.764][info] [#0:script/workspace/workspace.lua:38]: Workspace init root: 	file:///home/ace/.config/awesome
[16:09:52.764][info] [#0:script/workspace/workspace.lua:42]: Log path: 	/home/ace/.vscode-oss/extensions/sumneko.lua-3.7.0-linux-x64/server/log/file_home_ace_.config_awesome.log
[16:09:52.765][info] [#0:script/workspace/workspace.lua:48]: Workspace create: 	file:///home/ace/.config/awesome
[16:09:52.868][info] [#0:script/provider/provider.lua:46]: Load config from client	file:///home/ace/.config/awesome
[16:09:52.868][info] [#0:script/provider/provider.lua:47]: {
  Lua = {
    addonManager = {
      enable = true
    },
    codeLens = {
      enable = false
    },
    completion = {
      autoRequire = true,
      callSnippet = "Disable",
      displayContext = 0,
      enable = true,
      keywordSnippet = "Replace",
      postfix = "@",
      requireSeparator = ".",
      showParams = true,
      showWord = "Fallback",
      workspaceWord = true
    },
    diagnostics = {
      disable = {},
      disableScheme = { "git" },
      enable = true,
      globals = {},
      groupFileStatus = {},
      groupSeverity = {},
      ignoredFiles = "Opened",
      libraryFiles = "Opened",
      neededFileStatus = {},
      severity = {},
      unusedLocalExclude = {},
      workspaceDelay = 3000,
      workspaceEvent = "OnSave",
      workspaceRate = 100
    },
    doc = {
      packageName = {},
      privateName = {},
      protectedName = {}
    },
    format = {
      defaultConfig = {},
      enable = true
    },
    hint = {
      arrayIndex = "Auto",
      await = true,
      enable = false,
      paramName = "All",
      paramType = true,
      semicolon = "SameLine",
      setType = false
    },
    hover = {
      enable = true,
      enumsLimit = 5,
      expandAlias = true,
      previewFields = 50,
      viewNumber = true,
      viewString = true,
      viewStringMax = 1000
    },
    misc = {
      executablePath = "",
      parameters = {}
    },
    nameStyle = {
      config = {}
    },
    runtime = {
      builtin = {},
      fileEncoding = "utf8",
      meta = "${version} ${language} ${encoding}",
      nonstandardSymbol = {},
      path = { "?.lua", "?/init.lua" },
      pathStrict = false,
      plugin = "",
      pluginArgs = {},
      special = {},
      unicodeName = false,
      version = "Lua 5.4"
    },
    semantic = {
      annotation = true,
      enable = true,
      keyword = false,
      variable = true
    },
    signatureHelp = {
      enable = true
    },
    spell = {
      dict = {}
    },
    type = {
      castNumberToInteger = true,
      weakNilCheck = false,
      weakUnionCheck = false
    },
    typeFormat = {
      config = {}
    },
    window = {
      progressBar = true,
      statusBar = true
    },
    workspace = {
      checkThirdParty = true,
      ignoreDir = { ".vscode" },
      ignoreSubmodules = true,
      library = {},
      maxPreload = 5000,
      preloadFileSize = 500,
      useGitIgnore = true,
      userThirdParty = {}
    }
  },
  ["editor.acceptSuggestionOnEnter"] = "on",
  ["editor.semanticHighlighting.enabled"] = "configuredByTheme",
  ["files.associations"] = {},
  ["files.exclude"] = {
    ["**/.DS_Store"] = true,
    ["**/.git"] = true,
    ["**/.hg"] = true,
    ["**/.svn"] = true,
    ["**/CVS"] = true,
    ["**/Thumbs.db"] = true
  }
}
[16:09:52.868][info] [#0:script/provider/completion.lua:43]: Enable completion.
[16:09:52.969][info] [#0:script/provider/provider.lua:61]: Load config from client	fallback
[16:09:52.969][info] [#0:script/provider/provider.lua:62]: {
  Lua = {
    addonManager = {
      enable = true
    },
    codeLens = {
      enable = false
    },
    completion = {
      autoRequire = true,
      callSnippet = "Disable",
      displayContext = 0,
      enable = true,
      keywordSnippet = "Replace",
      postfix = "@",
      requireSeparator = ".",
      showParams = true,
      showWord = "Fallback",
      workspaceWord = true
    },
    diagnostics = {
      disable = {},
      disableScheme = { "git" },
      enable = true,
      globals = {},
      groupFileStatus = {},
      groupSeverity = {},
      ignoredFiles = "Opened",
      libraryFiles = "Opened",
      neededFileStatus = {},
      severity = {},
      unusedLocalExclude = {},
      workspaceDelay = 3000,
      workspaceEvent = "OnSave",
      workspaceRate = 100
    },
    doc = {
      packageName = {},
      privateName = {},
      protectedName = {}
    },
    format = {
      defaultConfig = {},
      enable = true
    },
    hint = {
      arrayIndex = "Auto",
      await = true,
      enable = false,
      paramName = "All",
      paramType = true,
      semicolon = "SameLine",
      setType = false
    },
    hover = {
      enable = true,
      enumsLimit = 5,
      expandAlias = true,
      previewFields = 50,
      viewNumber = true,
      viewString = true,
      viewStringMax = 1000
    },
    misc = {
      executablePath = "",
      parameters = {}
    },
    nameStyle = {
      config = {}
    },
    runtime = {
      builtin = {},
      fileEncoding = "utf8",
      meta = "${version} ${language} ${encoding}",
      nonstandardSymbol = {},
      path = { "?.lua", "?/init.lua" },
      pathStrict = false,
      plugin = "",
      pluginArgs = {},
      special = {},
      unicodeName = false,
      version = "Lua 5.4"
    },
    semantic = {
      annotation = true,
      enable = true,
      keyword = false,
      variable = true
    },
    signatureHelp = {
      enable = true
    },
    spell = {
      dict = {}
    },
    type = {
      castNumberToInteger = true,
      weakNilCheck = false,
      weakUnionCheck = false
    },
    typeFormat = {
      config = {}
    },
    window = {
      progressBar = true,
      statusBar = true
    },
    workspace = {
      checkThirdParty = true,
      ignoreDir = { ".vscode" },
      ignoreSubmodules = true,
      library = {},
      maxPreload = 5000,
      preloadFileSize = 500,
      useGitIgnore = true,
      userThirdParty = {}
    }
  },
  ["editor.acceptSuggestionOnEnter"] = "on",
  ["editor.semanticHighlighting.enabled"] = "configuredByTheme",
  ["files.associations"] = {},
  ["files.exclude"] = {
    ["**/.DS_Store"] = true,
    ["**/.git"] = true,
    ["**/.hg"] = true,
    ["**/.svn"] = true,
    ["**/CVS"] = true,
    ["**/Thumbs.db"] = true
  }
}
[16:09:53.170][info] [#0:script/library.lua:212]: Init builtin library at:	file:///home/ace/.config/awesome
[16:09:53.201][info] [#0:script/plugin.lua:86]: plugin path:	/home/ace/.config/awesome
[16:09:53.201][warn] [#0:script/plugin.lua:101]: plugin not found:	/home/ace/.config/awesome
[16:09:53.201][info] [#0:script/library.lua:212]: Init builtin library at:	nil
[16:09:53.316][info] [#0:script/workspace/workspace.lua:324]: Preload start:	file:///home/ace/.config/awesome
[16:09:53.319][info] [#0:script/workspace/workspace.lua:330]: Scan files at:	file:///home/ace/.config/awesome
[16:09:53.320][info] [#0:script/workspace/workspace.lua:324]: Preload start:	<fallback>
[16:09:53.323][info] [#0:script/workspace/workspace.lua:353]: Scan library at:	file:///home/ace/.vscode-oss/extensions/sumneko.lua-3.7.0-linux-x64/server/meta/Lua%205.4%20en-us%20utf8/coroutine.lua
[16:09:53.324][info] [#0:script/workspace/workspace.lua:353]: Scan library at:	file:///home/ace/.vscode-oss/extensions/sumneko.lua-3.7.0-linux-x64/server/meta/Lua%205.4%20en-us%20utf8/package.lua
[16:09:53.324][info] [#0:script/workspace/workspace.lua:353]: Scan library at:	file:///home/ace/.vscode-oss/extensions/sumneko.lua-3.7.0-linux-x64/server/meta/Lua%205.4%20en-us%20utf8/basic.lua
[16:09:53.324][info] [#0:script/workspace/workspace.lua:353]: Scan library at:	file:///home/ace/.vscode-oss/extensions/sumneko.lua-3.7.0-linux-x64/server/meta/Lua%205.4%20en-us%20utf8/debug.lua
[16:09:53.325][info] [#0:script/workspace/workspace.lua:353]: Scan library at:	file:///home/ace/.vscode-oss/extensions/sumneko.lua-3.7.0-linux-x64/server/meta/Lua%205.4%20en-us%20utf8/math.lua
[16:09:53.325][info] [#0:script/workspace/workspace.lua:353]: Scan library at:	file:///home/ace/.vscode-oss/extensions/sumneko.lua-3.7.0-linux-x64/server/meta/Lua%205.4%20en-us%20utf8/string.lua
[16:09:53.325][info] [#0:script/workspace/workspace.lua:353]: Scan library at:	file:///home/ace/.vscode-oss/extensions/sumneko.lua-3.7.0-linux-x64/server/meta/Lua%205.4%20en-us%20utf8/os.lua
[16:09:53.325][info] [#0:script/workspace/workspace.lua:353]: Scan library at:	file:///home/ace/.vscode-oss/extensions/sumneko.lua-3.7.0-linux-x64/server/meta/Lua%205.4%20en-us%20utf8/utf8.lua
[16:09:53.325][info] [#0:script/workspace/workspace.lua:353]: Scan library at:	file:///home/ace/.vscode-oss/extensions/sumneko.lua-3.7.0-linux-x64/server/meta/Lua%205.4%20en-us%20utf8/table.lua
[16:09:53.326][info] [#0:script/workspace/workspace.lua:353]: Scan library at:	file:///home/ace/.vscode-oss/extensions/sumneko.lua-3.7.0-linux-x64/server/meta/Lua%205.4%20en-us%20utf8/builtin.lua
[16:09:53.326][info] [#0:script/workspace/workspace.lua:353]: Scan library at:	file:///home/ace/.vscode-oss/extensions/sumneko.lua-3.7.0-linux-x64/server/meta/Lua%205.4%20en-us%20utf8/io.lua
[16:09:53.328][info] [#0:script/workspace/workspace.lua:353]: Scan library at:	file:///home/ace/.vscode-oss/extensions/sumneko.lua-3.7.0-linux-x64/server/meta/Lua%205.4%20en-us%20utf8/coroutine.lua
[16:09:53.328][info] [#0:script/workspace/workspace.lua:353]: Scan library at:	file:///home/ace/.vscode-oss/extensions/sumneko.lua-3.7.0-linux-x64/server/meta/Lua%205.4%20en-us%20utf8/package.lua
[16:09:53.328][info] [#0:script/workspace/workspace.lua:353]: Scan library at:	file:///home/ace/.vscode-oss/extensions/sumneko.lua-3.7.0-linux-x64/server/meta/Lua%205.4%20en-us%20utf8/basic.lua
[16:09:53.328][info] [#0:script/workspace/workspace.lua:353]: Scan library at:	file:///home/ace/.vscode-oss/extensions/sumneko.lua-3.7.0-linux-x64/server/meta/Lua%205.4%20en-us%20utf8/debug.lua
[16:09:53.328][info] [#0:script/workspace/workspace.lua:353]: Scan library at:	file:///home/ace/.vscode-oss/extensions/sumneko.lua-3.7.0-linux-x64/server/meta/Lua%205.4%20en-us%20utf8/math.lua
[16:09:53.328][info] [#0:script/workspace/workspace.lua:353]: Scan library at:	file:///home/ace/.vscode-oss/extensions/sumneko.lua-3.7.0-linux-x64/server/meta/Lua%205.4%20en-us%20utf8/string.lua
[16:09:53.329][info] [#0:script/workspace/workspace.lua:353]: Scan library at:	file:///home/ace/.vscode-oss/extensions/sumneko.lua-3.7.0-linux-x64/server/meta/Lua%205.4%20en-us%20utf8/os.lua
[16:09:53.329][info] [#0:script/workspace/workspace.lua:353]: Scan library at:	file:///home/ace/.vscode-oss/extensions/sumneko.lua-3.7.0-linux-x64/server/meta/Lua%205.4%20en-us%20utf8/utf8.lua
[16:09:53.329][info] [#0:script/workspace/workspace.lua:353]: Scan library at:	file:///home/ace/.vscode-oss/extensions/sumneko.lua-3.7.0-linux-x64/server/meta/Lua%205.4%20en-us%20utf8/table.lua
[16:09:53.329][info] [#0:script/workspace/workspace.lua:353]: Scan library at:	file:///home/ace/.vscode-oss/extensions/sumneko.lua-3.7.0-linux-x64/server/meta/Lua%205.4%20en-us%20utf8/builtin.lua
[16:09:53.329][info] [#0:script/workspace/workspace.lua:353]: Scan library at:	file:///home/ace/.vscode-oss/extensions/sumneko.lua-3.7.0-linux-x64/server/meta/Lua%205.4%20en-us%20utf8/io.lua
[16:09:53.429][info] [#0:script/workspace/workspace.lua:379]: Found 11 files at:	<fallback>
[16:09:53.429][info] [#0:script/workspace/loading.lua:161]: Load files from disk:	<fallback>
[16:09:53.429][info] [#0:script/workspace/workspace.lua:379]: Found 13 files at:	file:///home/ace/.config/awesome
[16:09:53.429][info] [#0:script/workspace/loading.lua:161]: Load files from disk:	file:///home/ace/.config/awesome
[16:09:53.431][info] [#0:script/workspace/loading.lua:89]: Skip loaded file: file:///home/ace/.config/awesome/themes/zenburn/theme.lua
[16:09:53.531][info] [#0:script/workspace/loading.lua:101]: Preload file at: file:///home/ace/.vscode-oss/extensions/sumneko.lua-3.7.0-linux-x64/server/meta/Lua%205.4%20en-us%20utf8/io.lua , size = 6.364 KB
[16:09:53.538][info] [#0:script/workspace/loading.lua:113]: ++++As library of:	file:///home/ace/.vscode-oss/extensions/sumneko.lua-3.7.0-linux-x64/server/meta/Lua%205.4%20en-us%20utf8/io.lua
[16:09:53.538][info] [#0:script/workspace/loading.lua:101]: Preload file at: file:///home/ace/.vscode-oss/extensions/sumneko.lua-3.7.0-linux-x64/server/meta/Lua%205.4%20en-us%20utf8/builtin.lua , size = 0.302 KB
[16:09:53.539][info] [#0:script/workspace/loading.lua:113]: ++++As library of:	file:///home/ace/.vscode-oss/extensions/sumneko.lua-3.7.0-linux-x64/server/meta/Lua%205.4%20en-us%20utf8/builtin.lua
[16:09:53.539][info] [#0:script/workspace/loading.lua:98]: Skip loaded file: file:///home/ace/.vscode-oss/extensions/sumneko.lua-3.7.0-linux-x64/server/meta/Lua%205.4%20en-us%20utf8/builtin.lua
[16:09:53.539][info] [#0:script/workspace/loading.lua:98]: Skip loaded file: file:///home/ace/.vscode-oss/extensions/sumneko.lua-3.7.0-linux-x64/server/meta/Lua%205.4%20en-us%20utf8/io.lua
[16:09:53.539][info] [#0:script/workspace/loading.lua:101]: Preload file at: file:///home/ace/.vscode-oss/extensions/sumneko.lua-3.7.0-linux-x64/server/meta/Lua%205.4%20en-us%20utf8/table.lua , size = 4.230 KB
[16:09:53.545][info] [#0:script/workspace/loading.lua:113]: ++++As library of:	file:///home/ace/.vscode-oss/extensions/sumneko.lua-3.7.0-linux-x64/server/meta/Lua%205.4%20en-us%20utf8/table.lua
[16:09:53.545][info] [#0:script/workspace/loading.lua:101]: Preload file at: file:///home/ace/.vscode-oss/extensions/sumneko.lua-3.7.0-linux-x64/server/meta/Lua%205.4%20en-us%20utf8/utf8.lua , size = 2.386 KB
[16:09:53.548][info] [#0:script/workspace/loading.lua:113]: ++++As library of:	file:///home/ace/.vscode-oss/extensions/sumneko.lua-3.7.0-linux-x64/server/meta/Lua%205.4%20en-us%20utf8/utf8.lua
[16:09:53.548][info] [#0:script/workspace/loading.lua:98]: Skip loaded file: file:///home/ace/.vscode-oss/extensions/sumneko.lua-3.7.0-linux-x64/server/meta/Lua%205.4%20en-us%20utf8/table.lua
[16:09:53.548][info] [#0:script/workspace/loading.lua:98]: Skip loaded file: file:///home/ace/.vscode-oss/extensions/sumneko.lua-3.7.0-linux-x64/server/meta/Lua%205.4%20en-us%20utf8/utf8.lua
[16:09:53.548][info] [#0:script/workspace/loading.lua:101]: Preload file at: file:///home/ace/.vscode-oss/extensions/sumneko.lua-3.7.0-linux-x64/server/meta/Lua%205.4%20en-us%20utf8/os.lua , size = 5.600 KB
[16:09:53.553][info] [#0:script/workspace/loading.lua:113]: ++++As library of:	file:///home/ace/.vscode-oss/extensions/sumneko.lua-3.7.0-linux-x64/server/meta/Lua%205.4%20en-us%20utf8/os.lua
[16:09:53.553][info] [#0:script/workspace/loading.lua:98]: Skip loaded file: file:///home/ace/.vscode-oss/extensions/sumneko.lua-3.7.0-linux-x64/server/meta/Lua%205.4%20en-us%20utf8/os.lua
[16:09:53.553][info] [#0:script/workspace/loading.lua:101]: Preload file at: file:///home/ace/.vscode-oss/extensions/sumneko.lua-3.7.0-linux-x64/server/meta/Lua%205.4%20en-us%20utf8/string.lua , size = 6.341 KB
[16:09:53.561][info] [#0:script/workspace/loading.lua:113]: ++++As library of:	file:///home/ace/.vscode-oss/extensions/sumneko.lua-3.7.0-linux-x64/server/meta/Lua%205.4%20en-us%20utf8/string.lua
[16:09:53.561][info] [#0:script/workspace/loading.lua:101]: Preload file at: file:///home/ace/.vscode-oss/extensions/sumneko.lua-3.7.0-linux-x64/server/meta/Lua%205.4%20en-us%20utf8/math.lua , size = 8.509 KB
[16:09:53.569][info] [#0:script/workspace/loading.lua:113]: ++++As library of:	file:///home/ace/.vscode-oss/extensions/sumneko.lua-3.7.0-linux-x64/server/meta/Lua%205.4%20en-us%20utf8/math.lua
[16:09:53.569][info] [#0:script/workspace/loading.lua:98]: Skip loaded file: file:///home/ace/.vscode-oss/extensions/sumneko.lua-3.7.0-linux-x64/server/meta/Lua%205.4%20en-us%20utf8/string.lua
[16:09:53.569][info] [#0:script/workspace/loading.lua:101]: Preload file at: file:///home/ace/.vscode-oss/extensions/sumneko.lua-3.7.0-linux-x64/server/meta/Lua%205.4%20en-us%20utf8/debug.lua , size = 7.637 KB
[16:09:53.577][info] [#0:script/workspace/loading.lua:113]: ++++As library of:	file:///home/ace/.vscode-oss/extensions/sumneko.lua-3.7.0-linux-x64/server/meta/Lua%205.4%20en-us%20utf8/debug.lua
[16:09:53.577][info] [#0:script/workspace/loading.lua:98]: Skip loaded file: file:///home/ace/.vscode-oss/extensions/sumneko.lua-3.7.0-linux-x64/server/meta/Lua%205.4%20en-us%20utf8/math.lua
[16:09:53.577][info] [#0:script/workspace/loading.lua:98]: Skip loaded file: file:///home/ace/.vscode-oss/extensions/sumneko.lua-3.7.0-linux-x64/server/meta/Lua%205.4%20en-us%20utf8/debug.lua
[16:09:53.577][info] [#0:script/workspace/loading.lua:101]: Preload file at: file:///home/ace/.vscode-oss/extensions/sumneko.lua-3.7.0-linux-x64/server/meta/Lua%205.4%20en-us%20utf8/basic.lua , size = 15.336 KB
[16:09:53.589][info] [#0:script/workspace/loading.lua:113]: ++++As library of:	file:///home/ace/.vscode-oss/extensions/sumneko.lua-3.7.0-linux-x64/server/meta/Lua%205.4%20en-us%20utf8/basic.lua
[16:09:53.589][info] [#0:script/workspace/loading.lua:101]: Preload file at: file:///home/ace/.vscode-oss/extensions/sumneko.lua-3.7.0-linux-x64/server/meta/Lua%205.4%20en-us%20utf8/package.lua , size = 2.944 KB
[16:09:53.590][info] [#0:script/workspace/loading.lua:113]: ++++As library of:	file:///home/ace/.vscode-oss/extensions/sumneko.lua-3.7.0-linux-x64/server/meta/Lua%205.4%20en-us%20utf8/package.lua
[16:09:53.590][info] [#0:script/workspace/loading.lua:98]: Skip loaded file: file:///home/ace/.vscode-oss/extensions/sumneko.lua-3.7.0-linux-x64/server/meta/Lua%205.4%20en-us%20utf8/package.lua
[16:09:53.590][info] [#0:script/workspace/loading.lua:98]: Skip loaded file: file:///home/ace/.vscode-oss/extensions/sumneko.lua-3.7.0-linux-x64/server/meta/Lua%205.4%20en-us%20utf8/basic.lua
[16:09:53.590][info] [#0:script/workspace/loading.lua:101]: Preload file at: file:///home/ace/.vscode-oss/extensions/sumneko.lua-3.7.0-linux-x64/server/meta/Lua%205.4%20en-us%20utf8/coroutine.lua , size = 2.590 KB
[16:09:53.592][info] [#0:script/workspace/loading.lua:113]: ++++As library of:	file:///home/ace/.vscode-oss/extensions/sumneko.lua-3.7.0-linux-x64/server/meta/Lua%205.4%20en-us%20utf8/coroutine.lua
[16:09:53.592][info] [#0:script/workspace/loading.lua:98]: Skip loaded file: file:///home/ace/.vscode-oss/extensions/sumneko.lua-3.7.0-linux-x64/server/meta/Lua%205.4%20en-us%20utf8/coroutine.lua
[16:09:53.592][info] [#0:script/workspace/loading.lua:101]: Preload file at: file:///home/ace/.config/awesome/rc.lua , size = 22.722 KB
[16:09:53.702][info] [#0:script/workspace/loading.lua:173]: Loaded files takes [0.076] sec: <fallback>
[16:09:53.702][info] [#0:script/workspace/loading.lua:182]: Compile files takes [0.000] sec: <fallback>
[16:09:53.702][info] [#0:script/workspace/loading.lua:183]: Loaded finish:	<fallback>
[16:09:53.702][info] [#0:script/workspace/workspace.lua:381]: Preload finish at:	<fallback>
[16:09:53.705][info] [#0:script/workspace/loading.lua:173]: Loaded files takes [0.079] sec: file:///home/ace/.config/awesome
[16:09:53.705][info] [#0:script/workspace/loading.lua:182]: Compile files takes [0.000] sec: file:///home/ace/.config/awesome
[16:09:53.705][info] [#0:script/workspace/loading.lua:183]: Loaded finish:	file:///home/ace/.config/awesome
[16:09:53.705][info] [#0:script/workspace/workspace.lua:381]: Preload finish at:	file:///home/ace/.config/awesome
[16:09:53.715][info] [#0:script/provider/diagnostic.lua:557]: Diagnostics scope [file:///home/ace/.config/awesome], files count:[13]
[16:09:53.788][info] [#0:script/provider/diagnostic.lua:574]: Diagnostics scope [file:///home/ace/.config/awesome] finished, takes [0.071] sec.
[16:13:08.737][info] [#0:script/provider/diagnostic.lua:171]: clearDiagnostics	file:///home/ace/.config/awesome/themes/zenburn/theme.lua
[16:13:11.620][info] [#0:script/provider/diagnostic.lua:171]: clearDiagnostics	file:///home/ace/.config/awesome/themes/zenburn/theme.lua
[16:13:20.532][info] [#0:script/provider/diagnostic.lua:171]: clearDiagnostics	file:///home/ace/.config/awesome/themes/zenburn/theme.lua
[16:13:54.797][info] [#0:script/provider/diagnostic.lua:171]: clearDiagnostics	file:///home/ace/.config/awesome/themes/zenburn/theme.lua
[16:13:58.437][info] [#0:script/provider/diagnostic.lua:557]: Diagnostics scope [file:///home/ace/.config/awesome], files count:[13]
[16:13:58.510][info] [#0:script/provider/diagnostic.lua:574]: Diagnostics scope [file:///home/ace/.config/awesome] finished, takes [0.073] sec.
[16:14:02.347][info] [#0:script/provider/diagnostic.lua:171]: clearDiagnostics	file:///home/ace/.config/awesome/themes/zenburn/theme.lua
[16:14:05.683][info] [#0:script/provider/diagnostic.lua:557]: Diagnostics scope [file:///home/ace/.config/awesome], files count:[13]
[16:14:05.750][info] [#0:script/provider/diagnostic.lua:574]: Diagnostics scope [file:///home/ace/.config/awesome] finished, takes [0.067] sec.
[16:14:39.285][info] [#0:script/provider/diagnostic.lua:557]: Diagnostics scope [file:///home/ace/.config/awesome], files count:[13]
[16:14:39.361][info] [#0:script/provider/diagnostic.lua:574]: Diagnostics scope [file:///home/ace/.config/awesome] finished, takes [0.076] sec.
[16:14:53.286][info] [#0:script/provider/diagnostic.lua:557]: Diagnostics scope [file:///home/ace/.config/awesome], files count:[13]
[16:14:53.362][info] [#0:script/provider/diagnostic.lua:574]: Diagnostics scope [file:///home/ace/.config/awesome] finished, takes [0.076] sec.
[16:15:01.587][info] [#0:script/provider/diagnostic.lua:557]: Diagnostics scope [file:///home/ace/.config/awesome], files count:[13]
[16:15:01.669][info] [#0:script/provider/diagnostic.lua:574]: Diagnostics scope [file:///home/ace/.config/awesome] finished, takes [0.082] sec.
[16:15:12.243][info] [#0:script/provider/diagnostic.lua:171]: clearDiagnostics	file:///home/ace/.config/awesome/themes/zenburn/theme.lua
[16:15:22.936][info] [#0:script/provider/diagnostic.lua:557]: Diagnostics scope [file:///home/ace/.config/awesome], files count:[13]
[16:15:23.010][info] [#0:script/provider/diagnostic.lua:574]: Diagnostics scope [file:///home/ace/.config/awesome] finished, takes [0.073] sec.
[16:15:25.843][info] [#0:script/provider/diagnostic.lua:171]: clearDiagnostics	file:///home/ace/.config/awesome/themes/zenburn/theme.lua
[16:15:36.889][info] [#0:script/provider/diagnostic.lua:557]: Diagnostics scope [file:///home/ace/.config/awesome], files count:[13]
[16:15:36.962][info] [#0:script/provider/diagnostic.lua:574]: Diagnostics scope [file:///home/ace/.config/awesome] finished, takes [0.074] sec.
[16:15:43.052][info] [#0:script/provider/diagnostic.lua:171]: clearDiagnostics	file:///home/ace/.config/awesome/themes/zenburn/theme.lua
[16:16:07.692][info] [#0:script/provider/diagnostic.lua:557]: Diagnostics scope [file:///home/ace/.config/awesome], files count:[13]
[16:16:07.764][info] [#0:script/provider/diagnostic.lua:574]: Diagnostics scope [file:///home/ace/.config/awesome] finished, takes [0.072] sec.
